{"/Users/yuny12345/Desktop/todolist_practice/vanillaJS/__test__/localstorage.js": {"path":"/Users/yuny12345/Desktop/todolist_practice/vanillaJS/__test__/localstorage.js","statementMap":{"0":{"start":{"line":1,"column":0},"end":{"line":7,"column":4}},"1":{"start":{"line":2,"column":12},"end":{"line":2,"column":14}},"2":{"start":{"line":3,"column":14},"end":{"line":3,"column":51}},"3":{"start":{"line":3,"column":29},"end":{"line":3,"column":50}},"4":{"start":{"line":4,"column":14},"end":{"line":4,"column":36}},"5":{"start":{"line":4,"column":21},"end":{"line":4,"column":36}},"6":{"start":{"line":5,"column":17},"end":{"line":5,"column":51}},"7":{"start":{"line":5,"column":26},"end":{"line":5,"column":49}},"8":{"start":{"line":6,"column":12},"end":{"line":6,"column":35}},"9":{"start":{"line":6,"column":19},"end":{"line":6,"column":34}}},"fnMap":{"0":{"name":"(anonymous_0)","decl":{"start":{"line":3,"column":14},"end":{"line":3,"column":15}},"loc":{"start":{"line":3,"column":29},"end":{"line":3,"column":50}},"line":3},"1":{"name":"(anonymous_1)","decl":{"start":{"line":4,"column":14},"end":{"line":4,"column":15}},"loc":{"start":{"line":4,"column":21},"end":{"line":4,"column":36}},"line":4},"2":{"name":"(anonymous_2)","decl":{"start":{"line":5,"column":17},"end":{"line":5,"column":18}},"loc":{"start":{"line":5,"column":24},"end":{"line":5,"column":51}},"line":5},"3":{"name":"(anonymous_3)","decl":{"start":{"line":6,"column":12},"end":{"line":6,"column":13}},"loc":{"start":{"line":6,"column":19},"end":{"line":6,"column":34}},"line":6}},"branchMap":{},"s":{"0":1,"1":1,"2":1,"3":0,"4":1,"5":0,"6":1,"7":0,"8":1,"9":0},"f":{"0":0,"1":0,"2":0,"3":0},"b":{},"_coverageSchema":"1a1c01bbd47fc00a2c39e90264f33305004495a9","hash":"38caf5eadd5a910dcaff67beb19e948a179d1ef9"}
,"/Users/yuny12345/Desktop/todolist_practice/vanillaJS/script/todolist_script.js": {"path":"/Users/yuny12345/Desktop/todolist_practice/vanillaJS/script/todolist_script.js","statementMap":{"0":{"start":{"line":6,"column":19},"end":{"line":6,"column":65}},"1":{"start":{"line":8,"column":22},"end":{"line":8,"column":61}},"2":{"start":{"line":9,"column":20},"end":{"line":9,"column":60}},"3":{"start":{"line":10,"column":21},"end":{"line":10,"column":61}},"4":{"start":{"line":11,"column":17},"end":{"line":11,"column":53}},"5":{"start":{"line":13,"column":17},"end":{"line":13,"column":51}},"6":{"start":{"line":15,"column":14},"end":{"line":15,"column":61}},"7":{"start":{"line":16,"column":17},"end":{"line":16,"column":53}},"8":{"start":{"line":20,"column":4},"end":{"line":20,"column":74}},"9":{"start":{"line":20,"column":33},"end":{"line":20,"column":72}},"10":{"start":{"line":21,"column":4},"end":{"line":37,"column":5}},"11":{"start":{"line":23,"column":12},"end":{"line":23,"column":47}},"12":{"start":{"line":24,"column":12},"end":{"line":24,"column":53}},"13":{"start":{"line":25,"column":12},"end":{"line":25,"column":51}},"14":{"start":{"line":26,"column":12},"end":{"line":26,"column":18}},"15":{"start":{"line":28,"column":12},"end":{"line":28,"column":47}},"16":{"start":{"line":29,"column":12},"end":{"line":29,"column":50}},"17":{"start":{"line":30,"column":12},"end":{"line":30,"column":51}},"18":{"start":{"line":31,"column":12},"end":{"line":31,"column":18}},"19":{"start":{"line":33,"column":12},"end":{"line":33,"column":47}},"20":{"start":{"line":34,"column":12},"end":{"line":34,"column":48}},"21":{"start":{"line":35,"column":12},"end":{"line":35,"column":53}},"22":{"start":{"line":36,"column":12},"end":{"line":36,"column":18}},"23":{"start":{"line":41,"column":4},"end":{"line":41,"column":32}},"24":{"start":{"line":42,"column":4},"end":{"line":42,"column":39}},"25":{"start":{"line":43,"column":4},"end":{"line":43,"column":66}},"26":{"start":{"line":43,"column":21},"end":{"line":43,"column":62}},"27":{"start":{"line":44,"column":4},"end":{"line":44,"column":54}},"28":{"start":{"line":45,"column":4},"end":{"line":45,"column":92}},"29":{"start":{"line":46,"column":4},"end":{"line":46,"column":56}},"30":{"start":{"line":48,"column":22},"end":{"line":48,"column":58}},"31":{"start":{"line":49,"column":25},"end":{"line":49,"column":63}},"32":{"start":{"line":50,"column":4},"end":{"line":50,"column":48}},"33":{"start":{"line":51,"column":4},"end":{"line":51,"column":51}},"34":{"start":{"line":52,"column":4},"end":{"line":52,"column":89}},"35":{"start":{"line":56,"column":18},"end":{"line":56,"column":41}},"36":{"start":{"line":57,"column":17},"end":{"line":57,"column":59}},"37":{"start":{"line":58,"column":4},"end":{"line":58,"column":33}},"38":{"start":{"line":59,"column":4},"end":{"line":59,"column":33}},"39":{"start":{"line":60,"column":4},"end":{"line":60,"column":38}},"40":{"start":{"line":64,"column":4},"end":{"line":64,"column":23}},"41":{"start":{"line":65,"column":22},"end":{"line":65,"column":64}},"42":{"start":{"line":66,"column":25},"end":{"line":66,"column":66}},"43":{"start":{"line":67,"column":25},"end":{"line":67,"column":66}},"44":{"start":{"line":68,"column":23},"end":{"line":68,"column":67}},"45":{"start":{"line":69,"column":17},"end":{"line":69,"column":66}},"46":{"start":{"line":70,"column":19},"end":{"line":70,"column":53}},"47":{"start":{"line":71,"column":21},"end":{"line":71,"column":57}},"48":{"start":{"line":73,"column":4},"end":{"line":77,"column":5}},"49":{"start":{"line":74,"column":8},"end":{"line":74,"column":92}},"50":{"start":{"line":75,"column":8},"end":{"line":75,"column":80}},"51":{"start":{"line":76,"column":8},"end":{"line":76,"column":15}},"52":{"start":{"line":79,"column":17},"end":{"line":87,"column":5}},"53":{"start":{"line":88,"column":18},"end":{"line":88,"column":63}},"54":{"start":{"line":89,"column":4},"end":{"line":89,"column":21}},"55":{"start":{"line":90,"column":4},"end":{"line":90,"column":57}},"56":{"start":{"line":91,"column":4},"end":{"line":91,"column":34}},"57":{"start":{"line":92,"column":4},"end":{"line":92,"column":17}},"58":{"start":{"line":93,"column":4},"end":{"line":93,"column":16}},"59":{"start":{"line":97,"column":4},"end":{"line":97,"column":87}},"60":{"start":{"line":98,"column":4},"end":{"line":98,"column":84}},"61":{"start":{"line":99,"column":4},"end":{"line":99,"column":44}},"62":{"start":{"line":100,"column":4},"end":{"line":100,"column":41}},"63":{"start":{"line":101,"column":4},"end":{"line":101,"column":93}},"64":{"start":{"line":102,"column":4},"end":{"line":102,"column":30}},"65":{"start":{"line":103,"column":4},"end":{"line":103,"column":24}},"66":{"start":{"line":104,"column":4},"end":{"line":104,"column":80}},"67":{"start":{"line":105,"column":4},"end":{"line":105,"column":82}},"68":{"start":{"line":106,"column":4},"end":{"line":106,"column":15}},"69":{"start":{"line":110,"column":4},"end":{"line":110,"column":49}},"70":{"start":{"line":111,"column":4},"end":{"line":111,"column":65}},"71":{"start":{"line":111,"column":21},"end":{"line":111,"column":58}},"72":{"start":{"line":112,"column":4},"end":{"line":112,"column":67}},"73":{"start":{"line":112,"column":21},"end":{"line":112,"column":60}},"74":{"start":{"line":115,"column":0},"end":{"line":115,"column":30}},"75":{"start":{"line":116,"column":0},"end":{"line":116,"column":71}},"76":{"start":{"line":116,"column":29},"end":{"line":116,"column":69}},"77":{"start":{"line":118,"column":0},"end":{"line":118,"column":49}},"78":{"start":{"line":119,"column":0},"end":{"line":119,"column":48}},"79":{"start":{"line":120,"column":0},"end":{"line":120,"column":50}},"80":{"start":{"line":121,"column":0},"end":{"line":121,"column":45}}},"fnMap":{"0":{"name":"select","decl":{"start":{"line":19,"column":9},"end":{"line":19,"column":15}},"loc":{"start":{"line":19,"column":18},"end":{"line":38,"column":1}},"line":19},"1":{"name":"(anonymous_1)","decl":{"start":{"line":20,"column":23},"end":{"line":20,"column":24}},"loc":{"start":{"line":20,"column":33},"end":{"line":20,"column":72}},"line":20},"2":{"name":"newTask","decl":{"start":{"line":40,"column":9},"end":{"line":40,"column":16}},"loc":{"start":{"line":40,"column":19},"end":{"line":53,"column":1}},"line":40},"3":{"name":"(anonymous_3)","decl":{"start":{"line":43,"column":15},"end":{"line":43,"column":16}},"loc":{"start":{"line":43,"column":21},"end":{"line":43,"column":62}},"line":43},"4":{"name":"toggle","decl":{"start":{"line":55,"column":9},"end":{"line":55,"column":15}},"loc":{"start":{"line":55,"column":17},"end":{"line":61,"column":1}},"line":55},"5":{"name":"addTask","decl":{"start":{"line":63,"column":9},"end":{"line":63,"column":16}},"loc":{"start":{"line":63,"column":20},"end":{"line":94,"column":1}},"line":63},"6":{"name":"resetForm","decl":{"start":{"line":96,"column":9},"end":{"line":96,"column":18}},"loc":{"start":{"line":96,"column":21},"end":{"line":107,"column":1}},"line":96},"7":{"name":"withDraw","decl":{"start":{"line":109,"column":9},"end":{"line":109,"column":17}},"loc":{"start":{"line":109,"column":20},"end":{"line":113,"column":1}},"line":109},"8":{"name":"(anonymous_8)","decl":{"start":{"line":111,"column":15},"end":{"line":111,"column":16}},"loc":{"start":{"line":111,"column":21},"end":{"line":111,"column":58}},"line":111},"9":{"name":"(anonymous_9)","decl":{"start":{"line":112,"column":15},"end":{"line":112,"column":16}},"loc":{"start":{"line":112,"column":21},"end":{"line":112,"column":60}},"line":112},"10":{"name":"(anonymous_10)","decl":{"start":{"line":116,"column":19},"end":{"line":116,"column":20}},"loc":{"start":{"line":116,"column":29},"end":{"line":116,"column":69}},"line":116}},"branchMap":{"0":{"loc":{"start":{"line":15,"column":14},"end":{"line":15,"column":61}},"type":"binary-expr","locations":[{"start":{"line":15,"column":14},"end":{"line":15,"column":55}},{"start":{"line":15,"column":59},"end":{"line":15,"column":61}}],"line":15},"1":{"loc":{"start":{"line":21,"column":4},"end":{"line":37,"column":5}},"type":"switch","locations":[{"start":{"line":22,"column":8},"end":{"line":26,"column":18}},{"start":{"line":27,"column":8},"end":{"line":31,"column":18}},{"start":{"line":32,"column":8},"end":{"line":36,"column":18}}],"line":21},"2":{"loc":{"start":{"line":73,"column":4},"end":{"line":77,"column":5}},"type":"if","locations":[{"start":{"line":73,"column":4},"end":{"line":77,"column":5}},{"start":{"line":73,"column":4},"end":{"line":77,"column":5}}],"line":73},"3":{"loc":{"start":{"line":88,"column":18},"end":{"line":88,"column":63}},"type":"binary-expr","locations":[{"start":{"line":88,"column":18},"end":{"line":88,"column":59}},{"start":{"line":88,"column":61},"end":{"line":88,"column":63}}],"line":88}},"s":{"0":1,"1":1,"2":1,"3":1,"4":1,"5":1,"6":1,"7":1,"8":0,"9":0,"10":0,"11":0,"12":0,"13":0,"14":0,"15":0,"16":0,"17":0,"18":0,"19":0,"20":0,"21":0,"22":0,"23":1,"24":1,"25":1,"26":0,"27":1,"28":1,"29":1,"30":1,"31":1,"32":1,"33":1,"34":1,"35":0,"36":0,"37":0,"38":0,"39":0,"40":1,"41":1,"42":1,"43":1,"44":1,"45":1,"46":1,"47":1,"48":1,"49":0,"50":0,"51":0,"52":1,"53":1,"54":1,"55":1,"56":1,"57":1,"58":1,"59":1,"60":1,"61":1,"62":1,"63":1,"64":1,"65":1,"66":1,"67":1,"68":1,"69":1,"70":1,"71":0,"72":1,"73":0,"74":1,"75":1,"76":0,"77":1,"78":1,"79":1,"80":1},"f":{"0":0,"1":0,"2":1,"3":0,"4":0,"5":1,"6":1,"7":1,"8":0,"9":0,"10":0},"b":{"0":[1,1],"1":[0,0,0],"2":[0,1],"3":[1,1]},"_coverageSchema":"1a1c01bbd47fc00a2c39e90264f33305004495a9","hash":"d5d9e330993ea00cd9e2611d76e20b6c725a7c75"}
,"/Users/yuny12345/Desktop/todolist_practice/vanillaJS/script/modules/countLeft.js": {"path":"/Users/yuny12345/Desktop/todolist_practice/vanillaJS/script/modules/countLeft.js","statementMap":{"0":{"start":{"line":2,"column":18},"end":{"line":2,"column":65}},"1":{"start":{"line":3,"column":22},"end":{"line":3,"column":67}},"2":{"start":{"line":4,"column":4},"end":{"line":4,"column":143}},"3":{"start":{"line":4,"column":50},"end":{"line":4,"column":67}},"4":{"start":{"line":4,"column":102},"end":{"line":4,"column":119}}},"fnMap":{"0":{"name":"countLeft","decl":{"start":{"line":1,"column":16},"end":{"line":1,"column":25}},"loc":{"start":{"line":1,"column":27},"end":{"line":5,"column":1}},"line":1},"1":{"name":"(anonymous_1)","decl":{"start":{"line":4,"column":44},"end":{"line":4,"column":45}},"loc":{"start":{"line":4,"column":50},"end":{"line":4,"column":67}},"line":4},"2":{"name":"(anonymous_2)","decl":{"start":{"line":4,"column":96},"end":{"line":4,"column":97}},"loc":{"start":{"line":4,"column":102},"end":{"line":4,"column":119}},"line":4}},"branchMap":{"0":{"loc":{"start":{"line":2,"column":18},"end":{"line":2,"column":65}},"type":"binary-expr","locations":[{"start":{"line":2,"column":18},"end":{"line":2,"column":59}},{"start":{"line":2,"column":63},"end":{"line":2,"column":65}}],"line":2},"1":{"loc":{"start":{"line":4,"column":83},"end":{"line":4,"column":136}},"type":"cond-expr","locations":[{"start":{"line":4,"column":130},"end":{"line":4,"column":133}},{"start":{"line":4,"column":134},"end":{"line":4,"column":136}}],"line":4}},"s":{"0":4,"1":4,"2":4,"3":2,"4":2},"f":{"0":4,"1":2,"2":2},"b":{"0":[4,1],"1":[0,4]},"_coverageSchema":"1a1c01bbd47fc00a2c39e90264f33305004495a9","hash":"9941b0f90957a36c8a4b4edb8ed1f9d3dc3adcb2"}
,"/Users/yuny12345/Desktop/todolist_practice/vanillaJS/script/modules/endEdit.js": {"path":"/Users/yuny12345/Desktop/todolist_practice/vanillaJS/script/modules/endEdit.js","statementMap":{"0":{"start":{"line":4,"column":18},"end":{"line":4,"column":65}},"1":{"start":{"line":5,"column":21},"end":{"line":5,"column":57}},"2":{"start":{"line":7,"column":20},"end":{"line":7,"column":28}},"3":{"start":{"line":8,"column":21},"end":{"line":8,"column":50}},"4":{"start":{"line":9,"column":18},"end":{"line":9,"column":62}},"5":{"start":{"line":10,"column":18},"end":{"line":10,"column":40}},"6":{"start":{"line":11,"column":23},"end":{"line":11,"column":35}},"7":{"start":{"line":13,"column":4},"end":{"line":18,"column":5}},"8":{"start":{"line":14,"column":8},"end":{"line":14,"column":43}},"9":{"start":{"line":15,"column":8},"end":{"line":15,"column":80}},"10":{"start":{"line":16,"column":8},"end":{"line":16,"column":80}},"11":{"start":{"line":17,"column":8},"end":{"line":17,"column":80}},"12":{"start":{"line":20,"column":4},"end":{"line":40,"column":5}},"13":{"start":{"line":21,"column":28},"end":{"line":21,"column":39}},"14":{"start":{"line":22,"column":27},"end":{"line":22,"column":72}},"15":{"start":{"line":23,"column":27},"end":{"line":23,"column":72}},"16":{"start":{"line":24,"column":27},"end":{"line":24,"column":75}},"17":{"start":{"line":25,"column":27},"end":{"line":25,"column":80}},"18":{"start":{"line":27,"column":8},"end":{"line":31,"column":9}},"19":{"start":{"line":28,"column":12},"end":{"line":28,"column":65}},"20":{"start":{"line":29,"column":12},"end":{"line":29,"column":53}},"21":{"start":{"line":30,"column":12},"end":{"line":30,"column":19}},"22":{"start":{"line":33,"column":8},"end":{"line":33,"column":43}},"23":{"start":{"line":34,"column":8},"end":{"line":34,"column":45}},"24":{"start":{"line":35,"column":8},"end":{"line":35,"column":45}},"25":{"start":{"line":36,"column":8},"end":{"line":36,"column":43}},"26":{"start":{"line":37,"column":8},"end":{"line":37,"column":37}},"27":{"start":{"line":38,"column":8},"end":{"line":38,"column":61}},"28":{"start":{"line":39,"column":8},"end":{"line":39,"column":38}}},"fnMap":{"0":{"name":"editTask","decl":{"start":{"line":3,"column":24},"end":{"line":3,"column":32}},"loc":{"start":{"line":3,"column":36},"end":{"line":41,"column":1}},"line":3}},"branchMap":{"0":{"loc":{"start":{"line":4,"column":18},"end":{"line":4,"column":65}},"type":"binary-expr","locations":[{"start":{"line":4,"column":18},"end":{"line":4,"column":59}},{"start":{"line":4,"column":63},"end":{"line":4,"column":65}}],"line":4},"1":{"loc":{"start":{"line":13,"column":4},"end":{"line":18,"column":5}},"type":"if","locations":[{"start":{"line":13,"column":4},"end":{"line":18,"column":5}},{"start":{"line":13,"column":4},"end":{"line":18,"column":5}}],"line":13},"2":{"loc":{"start":{"line":20,"column":4},"end":{"line":40,"column":5}},"type":"if","locations":[{"start":{"line":20,"column":4},"end":{"line":40,"column":5}},{"start":{"line":20,"column":4},"end":{"line":40,"column":5}}],"line":20},"3":{"loc":{"start":{"line":27,"column":8},"end":{"line":31,"column":9}},"type":"if","locations":[{"start":{"line":27,"column":8},"end":{"line":31,"column":9}},{"start":{"line":27,"column":8},"end":{"line":31,"column":9}}],"line":27}},"s":{"0":4,"1":4,"2":4,"3":4,"4":4,"5":4,"6":4,"7":4,"8":0,"9":0,"10":0,"11":0,"12":4,"13":1,"14":1,"15":1,"16":1,"17":1,"18":1,"19":0,"20":0,"21":0,"22":1,"23":1,"24":1,"25":1,"26":1,"27":1,"28":1},"f":{"0":4},"b":{"0":[4,0],"1":[0,4],"2":[1,3],"3":[0,1]},"_coverageSchema":"1a1c01bbd47fc00a2c39e90264f33305004495a9","hash":"6283ee668f2d75f26641429ae6dbddc44f27fb8f"}
,"/Users/yuny12345/Desktop/todolist_practice/vanillaJS/script/modules/handleDragEvent.js": {"path":"/Users/yuny12345/Desktop/todolist_practice/vanillaJS/script/modules/handleDragEvent.js","statementMap":{"0":{"start":{"line":9,"column":4},"end":{"line":9,"column":25}},"1":{"start":{"line":10,"column":4},"end":{"line":10,"column":31}},"2":{"start":{"line":11,"column":4},"end":{"line":11,"column":52}},"3":{"start":{"line":12,"column":4},"end":{"line":12,"column":41}},"4":{"start":{"line":15,"column":4},"end":{"line":15,"column":29}},"5":{"start":{"line":16,"column":4},"end":{"line":16,"column":52}},"6":{"start":{"line":17,"column":4},"end":{"line":17,"column":50}},"7":{"start":{"line":18,"column":4},"end":{"line":18,"column":93}},"8":{"start":{"line":18,"column":63},"end":{"line":18,"column":91}},"9":{"start":{"line":21,"column":4},"end":{"line":24,"column":5}},"10":{"start":{"line":22,"column":25},"end":{"line":22,"column":44}},"11":{"start":{"line":23,"column":8},"end":{"line":23,"column":70}},"12":{"start":{"line":25,"column":4},"end":{"line":27,"column":5}},"13":{"start":{"line":26,"column":8},"end":{"line":26,"column":54}},"14":{"start":{"line":28,"column":4},"end":{"line":28,"column":32}},"15":{"start":{"line":29,"column":4},"end":{"line":29,"column":24}},"16":{"start":{"line":33,"column":4},"end":{"line":33,"column":23}},"17":{"start":{"line":36,"column":18},"end":{"line":36,"column":59}},"18":{"start":{"line":37,"column":25},"end":{"line":37,"column":29}},"19":{"start":{"line":38,"column":31},"end":{"line":38,"column":56}},"20":{"start":{"line":39,"column":4},"end":{"line":39,"column":52}},"21":{"start":{"line":39,"column":45},"end":{"line":39,"column":52}},"22":{"start":{"line":41,"column":21},"end":{"line":41,"column":61}},"23":{"start":{"line":42,"column":4},"end":{"line":44,"column":5}},"24":{"start":{"line":43,"column":8},"end":{"line":43,"column":90}},"25":{"start":{"line":45,"column":4},"end":{"line":47,"column":5}},"26":{"start":{"line":46,"column":8},"end":{"line":46,"column":71}},"27":{"start":{"line":49,"column":22},"end":{"line":49,"column":50}},"28":{"start":{"line":50,"column":22},"end":{"line":50,"column":93}},"29":{"start":{"line":51,"column":17},"end":{"line":51,"column":33}},"30":{"start":{"line":52,"column":4},"end":{"line":52,"column":30}},"31":{"start":{"line":53,"column":4},"end":{"line":53,"column":36}},"32":{"start":{"line":54,"column":4},"end":{"line":54,"column":57}},"33":{"start":{"line":55,"column":21},"end":{"line":55,"column":57}},"34":{"start":{"line":56,"column":4},"end":{"line":56,"column":34}}},"fnMap":{"0":{"name":"handleDragStart","decl":{"start":{"line":8,"column":16},"end":{"line":8,"column":31}},"loc":{"start":{"line":8,"column":34},"end":{"line":13,"column":1}},"line":8},"1":{"name":"handleDragEnd","decl":{"start":{"line":14,"column":16},"end":{"line":14,"column":29}},"loc":{"start":{"line":14,"column":32},"end":{"line":19,"column":1}},"line":14},"2":{"name":"(anonymous_2)","decl":{"start":{"line":18,"column":57},"end":{"line":18,"column":58}},"loc":{"start":{"line":18,"column":63},"end":{"line":18,"column":91}},"line":18},"3":{"name":"handleDragPassby","decl":{"start":{"line":20,"column":16},"end":{"line":20,"column":32}},"loc":{"start":{"line":20,"column":36},"end":{"line":30,"column":1}},"line":20},"4":{"name":"handleDragover","decl":{"start":{"line":32,"column":16},"end":{"line":32,"column":30}},"loc":{"start":{"line":32,"column":34},"end":{"line":34,"column":1}},"line":32},"5":{"name":"handleDrop","decl":{"start":{"line":35,"column":16},"end":{"line":35,"column":26}},"loc":{"start":{"line":35,"column":30},"end":{"line":57,"column":1}},"line":35}},"branchMap":{"0":{"loc":{"start":{"line":21,"column":4},"end":{"line":24,"column":5}},"type":"if","locations":[{"start":{"line":21,"column":4},"end":{"line":24,"column":5}},{"start":{"line":21,"column":4},"end":{"line":24,"column":5}}],"line":21},"1":{"loc":{"start":{"line":21,"column":8},"end":{"line":21,"column":80}},"type":"binary-expr","locations":[{"start":{"line":21,"column":8},"end":{"line":21,"column":53}},{"start":{"line":21,"column":57},"end":{"line":21,"column":80}}],"line":21},"2":{"loc":{"start":{"line":23,"column":31},"end":{"line":23,"column":67}},"type":"cond-expr","locations":[{"start":{"line":23,"column":40},"end":{"line":23,"column":52}},{"start":{"line":23,"column":53},"end":{"line":23,"column":67}}],"line":23},"3":{"loc":{"start":{"line":25,"column":4},"end":{"line":27,"column":5}},"type":"if","locations":[{"start":{"line":25,"column":4},"end":{"line":27,"column":5}},{"start":{"line":25,"column":4},"end":{"line":27,"column":5}}],"line":25},"4":{"loc":{"start":{"line":25,"column":8},"end":{"line":25,"column":61}},"type":"binary-expr","locations":[{"start":{"line":25,"column":8},"end":{"line":25,"column":28}},{"start":{"line":25,"column":32},"end":{"line":25,"column":61}}],"line":25},"5":{"loc":{"start":{"line":39,"column":4},"end":{"line":39,"column":52}},"type":"if","locations":[{"start":{"line":39,"column":4},"end":{"line":39,"column":52}},{"start":{"line":39,"column":4},"end":{"line":39,"column":52}}],"line":39},"6":{"loc":{"start":{"line":42,"column":4},"end":{"line":44,"column":5}},"type":"if","locations":[{"start":{"line":42,"column":4},"end":{"line":44,"column":5}},{"start":{"line":42,"column":4},"end":{"line":44,"column":5}}],"line":42},"7":{"loc":{"start":{"line":45,"column":4},"end":{"line":47,"column":5}},"type":"if","locations":[{"start":{"line":45,"column":4},"end":{"line":47,"column":5}},{"start":{"line":45,"column":4},"end":{"line":47,"column":5}}],"line":45}},"s":{"0":0,"1":0,"2":0,"3":0,"4":0,"5":0,"6":0,"7":0,"8":0,"9":0,"10":0,"11":0,"12":0,"13":0,"14":0,"15":0,"16":0,"17":0,"18":0,"19":0,"20":0,"21":0,"22":0,"23":0,"24":0,"25":0,"26":0,"27":0,"28":0,"29":0,"30":0,"31":0,"32":0,"33":0,"34":0},"f":{"0":0,"1":0,"2":0,"3":0,"4":0,"5":0},"b":{"0":[0,0],"1":[0,0],"2":[0,0],"3":[0,0],"4":[0,0],"5":[0,0],"6":[0,0],"7":[0,0]},"_coverageSchema":"1a1c01bbd47fc00a2c39e90264f33305004495a9","hash":"85f47f5feba8a1ece4377d75a4b79c67d95325ef"}
,"/Users/yuny12345/Desktop/todolist_practice/vanillaJS/script/modules/handleTaskEvents.js": {"path":"/Users/yuny12345/Desktop/todolist_practice/vanillaJS/script/modules/handleTaskEvents.js","statementMap":{"0":{"start":{"line":30,"column":18},"end":{"line":30,"column":57}},"1":{"start":{"line":31,"column":4},"end":{"line":48,"column":6}},"2":{"start":{"line":32,"column":21},"end":{"line":32,"column":61}},"3":{"start":{"line":33,"column":26},"end":{"line":33,"column":75}},"4":{"start":{"line":34,"column":23},"end":{"line":34,"column":63}},"5":{"start":{"line":35,"column":29},"end":{"line":35,"column":73}},"6":{"start":{"line":36,"column":29},"end":{"line":36,"column":71}},"7":{"start":{"line":38,"column":8},"end":{"line":38,"column":76}},"8":{"start":{"line":38,"column":31},"end":{"line":38,"column":75}},"9":{"start":{"line":39,"column":8},"end":{"line":39,"column":84}},"10":{"start":{"line":39,"column":36},"end":{"line":39,"column":82}},"11":{"start":{"line":40,"column":8},"end":{"line":40,"column":81}},"12":{"start":{"line":40,"column":33},"end":{"line":40,"column":79}},"13":{"start":{"line":41,"column":8},"end":{"line":41,"column":85}},"14":{"start":{"line":41,"column":39},"end":{"line":41,"column":83}},"15":{"start":{"line":42,"column":8},"end":{"line":42,"column":90}},"16":{"start":{"line":42,"column":39},"end":{"line":42,"column":88}},"17":{"start":{"line":44,"column":8},"end":{"line":44,"column":60}},"18":{"start":{"line":45,"column":8},"end":{"line":45,"column":61}},"19":{"start":{"line":46,"column":8},"end":{"line":46,"column":55}},"20":{"start":{"line":50,"column":27},"end":{"line":50,"column":83}},"21":{"start":{"line":51,"column":4},"end":{"line":54,"column":6}},"22":{"start":{"line":52,"column":8},"end":{"line":52,"column":58}},"23":{"start":{"line":53,"column":8},"end":{"line":53,"column":50}}},"fnMap":{"0":{"name":"handleTaskEvents","decl":{"start":{"line":29,"column":24},"end":{"line":29,"column":40}},"loc":{"start":{"line":29,"column":43},"end":{"line":56,"column":1}},"line":29},"1":{"name":"(anonymous_1)","decl":{"start":{"line":31,"column":18},"end":{"line":31,"column":19}},"loc":{"start":{"line":31,"column":26},"end":{"line":48,"column":5}},"line":31},"2":{"name":"(anonymous_2)","decl":{"start":{"line":38,"column":21},"end":{"line":38,"column":22}},"loc":{"start":{"line":38,"column":31},"end":{"line":38,"column":75}},"line":38},"3":{"name":"(anonymous_3)","decl":{"start":{"line":39,"column":26},"end":{"line":39,"column":27}},"loc":{"start":{"line":39,"column":36},"end":{"line":39,"column":82}},"line":39},"4":{"name":"(anonymous_4)","decl":{"start":{"line":40,"column":23},"end":{"line":40,"column":24}},"loc":{"start":{"line":40,"column":33},"end":{"line":40,"column":79}},"line":40},"5":{"name":"(anonymous_5)","decl":{"start":{"line":41,"column":29},"end":{"line":41,"column":30}},"loc":{"start":{"line":41,"column":39},"end":{"line":41,"column":83}},"line":41},"6":{"name":"(anonymous_6)","decl":{"start":{"line":42,"column":29},"end":{"line":42,"column":30}},"loc":{"start":{"line":42,"column":39},"end":{"line":42,"column":88}},"line":42},"7":{"name":"(anonymous_7)","decl":{"start":{"line":51,"column":27},"end":{"line":51,"column":28}},"loc":{"start":{"line":51,"column":35},"end":{"line":54,"column":5}},"line":51}},"branchMap":{},"s":{"0":6,"1":6,"2":4,"3":4,"4":4,"5":4,"6":4,"7":4,"8":4,"9":4,"10":4,"11":4,"12":4,"13":4,"14":4,"15":4,"16":4,"17":4,"18":4,"19":4,"20":6,"21":6,"22":24,"23":24},"f":{"0":6,"1":4,"2":4,"3":4,"4":4,"5":4,"6":4,"7":24},"b":{},"_coverageSchema":"1a1c01bbd47fc00a2c39e90264f33305004495a9","hash":"3799e5b70eb73fe1c538f23c338aca5d94a7b630"}
,"/Users/yuny12345/Desktop/todolist_practice/vanillaJS/script/modules/populateList.js": {"path":"/Users/yuny12345/Desktop/todolist_practice/vanillaJS/script/modules/populateList.js","statementMap":{"0":{"start":{"line":5,"column":23},"end":{"line":70,"column":6}},"1":{"start":{"line":6,"column":29},"end":{"line":68,"column":16}},"2":{"start":{"line":69,"column":8},"end":{"line":69,"column":27}},"3":{"start":{"line":72,"column":26},"end":{"line":72,"column":128}},"4":{"start":{"line":72,"column":52},"end":{"line":72,"column":118}},"5":{"start":{"line":73,"column":25},"end":{"line":73,"column":91}},"6":{"start":{"line":73,"column":51},"end":{"line":73,"column":81}},"7":{"start":{"line":74,"column":30},"end":{"line":74,"column":99}},"8":{"start":{"line":74,"column":56},"end":{"line":74,"column":89}},"9":{"start":{"line":75,"column":29},"end":{"line":75,"column":91}},"10":{"start":{"line":75,"column":55},"end":{"line":75,"column":81}},"11":{"start":{"line":76,"column":25},"end":{"line":76,"column":68}},"12":{"start":{"line":77,"column":24},"end":{"line":77,"column":66}},"13":{"start":{"line":78,"column":29},"end":{"line":78,"column":77}},"14":{"start":{"line":79,"column":28},"end":{"line":79,"column":75}},"15":{"start":{"line":81,"column":4},"end":{"line":81,"column":43}},"16":{"start":{"line":82,"column":4},"end":{"line":82,"column":41}},"17":{"start":{"line":83,"column":4},"end":{"line":83,"column":51}},"18":{"start":{"line":84,"column":4},"end":{"line":84,"column":49}},"19":{"start":{"line":86,"column":4},"end":{"line":86,"column":23}},"20":{"start":{"line":87,"column":4},"end":{"line":87,"column":16}}},"fnMap":{"0":{"name":"populateList","decl":{"start":{"line":4,"column":24},"end":{"line":4,"column":36}},"loc":{"start":{"line":4,"column":64},"end":{"line":88,"column":1}},"line":4},"1":{"name":"(anonymous_1)","decl":{"start":{"line":5,"column":38},"end":{"line":5,"column":39}},"loc":{"start":{"line":5,"column":55},"end":{"line":70,"column":5}},"line":5},"2":{"name":"(anonymous_2)","decl":{"start":{"line":72,"column":46},"end":{"line":72,"column":47}},"loc":{"start":{"line":72,"column":52},"end":{"line":72,"column":118}},"line":72},"3":{"name":"(anonymous_3)","decl":{"start":{"line":73,"column":45},"end":{"line":73,"column":46}},"loc":{"start":{"line":73,"column":51},"end":{"line":73,"column":81}},"line":73},"4":{"name":"(anonymous_4)","decl":{"start":{"line":74,"column":50},"end":{"line":74,"column":51}},"loc":{"start":{"line":74,"column":56},"end":{"line":74,"column":89}},"line":74},"5":{"name":"(anonymous_5)","decl":{"start":{"line":75,"column":49},"end":{"line":75,"column":50}},"loc":{"start":{"line":75,"column":55},"end":{"line":75,"column":81}},"line":75}},"branchMap":{"0":{"loc":{"start":{"line":4,"column":37},"end":{"line":4,"column":52}},"type":"default-arg","locations":[{"start":{"line":4,"column":50},"end":{"line":4,"column":52}}],"line":4},"1":{"loc":{"start":{"line":6,"column":73},"end":{"line":6,"column":98}},"type":"cond-expr","locations":[{"start":{"line":6,"column":86},"end":{"line":6,"column":95}},{"start":{"line":6,"column":96},"end":{"line":6,"column":98}}],"line":6},"2":{"loc":{"start":{"line":6,"column":102},"end":{"line":6,"column":121}},"type":"cond-expr","locations":[{"start":{"line":6,"column":112},"end":{"line":6,"column":118}},{"start":{"line":6,"column":119},"end":{"line":6,"column":121}}],"line":6},"3":{"loc":{"start":{"line":11,"column":14},"end":{"line":11,"column":37}},"type":"cond-expr","locations":[{"start":{"line":11,"column":24},"end":{"line":11,"column":33}},{"start":{"line":11,"column":34},"end":{"line":11,"column":37}}],"line":11},"4":{"loc":{"start":{"line":12,"column":81},"end":{"line":12,"column":104}},"type":"cond-expr","locations":[{"start":{"line":12,"column":91},"end":{"line":12,"column":101}},{"start":{"line":12,"column":102},"end":{"line":12,"column":104}}],"line":12},"5":{"loc":{"start":{"line":16,"column":14},"end":{"line":16,"column":40}},"type":"cond-expr","locations":[{"start":{"line":16,"column":27},"end":{"line":16,"column":36}},{"start":{"line":16,"column":37},"end":{"line":16,"column":40}}],"line":16},"6":{"loc":{"start":{"line":17,"column":73},"end":{"line":17,"column":99}},"type":"cond-expr","locations":[{"start":{"line":17,"column":86},"end":{"line":17,"column":96}},{"start":{"line":17,"column":97},"end":{"line":17,"column":99}}],"line":17},"7":{"loc":{"start":{"line":18,"column":21},"end":{"line":18,"column":45}},"type":"cond-expr","locations":[{"start":{"line":18,"column":34},"end":{"line":18,"column":39}},{"start":{"line":18,"column":40},"end":{"line":18,"column":45}}],"line":18},"8":{"loc":{"start":{"line":27,"column":10},"end":{"line":29,"column":56}},"type":"cond-expr","locations":[{"start":{"line":27,"column":28},"end":{"line":29,"column":53}},{"start":{"line":29,"column":54},"end":{"line":29,"column":56}}],"line":27},"9":{"loc":{"start":{"line":30,"column":10},"end":{"line":30,"column":71}},"type":"cond-expr","locations":[{"start":{"line":30,"column":26},"end":{"line":30,"column":68}},{"start":{"line":30,"column":69},"end":{"line":30,"column":71}}],"line":30},"10":{"loc":{"start":{"line":31,"column":10},"end":{"line":31,"column":73}},"type":"cond-expr","locations":[{"start":{"line":31,"column":20},"end":{"line":31,"column":70}},{"start":{"line":31,"column":71},"end":{"line":31,"column":73}}],"line":31},"11":{"loc":{"start":{"line":51,"column":42},"end":{"line":51,"column":61}},"type":"binary-expr","locations":[{"start":{"line":51,"column":42},"end":{"line":51,"column":57}},{"start":{"line":51,"column":59},"end":{"line":51,"column":61}}],"line":51},"12":{"loc":{"start":{"line":72,"column":52},"end":{"line":72,"column":118}},"type":"binary-expr","locations":[{"start":{"line":72,"column":52},"end":{"line":72,"column":80}},{"start":{"line":72,"column":84},"end":{"line":72,"column":118}}],"line":72}},"s":{"0":4,"1":2,"2":2,"3":4,"4":2,"5":4,"6":2,"7":4,"8":2,"9":4,"10":2,"11":4,"12":4,"13":4,"14":4,"15":4,"16":4,"17":4,"18":4,"19":4,"20":4},"f":{"0":4,"1":2,"2":2,"3":2,"4":2,"5":2},"b":{"0":[0],"1":[1,1],"2":[1,1],"3":[1,1],"4":[1,1],"5":[1,1],"6":[1,1],"7":[1,1],"8":[2,0],"9":[0,2],"10":[0,2],"11":[2,2],"12":[2,1]},"_coverageSchema":"1a1c01bbd47fc00a2c39e90264f33305004495a9","hash":"aeaaef724e5169a8a878d36a4702904195367c59"}
,"/Users/yuny12345/Desktop/todolist_practice/vanillaJS/script/modules/toggle.js": {"path":"/Users/yuny12345/Desktop/todolist_practice/vanillaJS/script/modules/toggle.js","statementMap":{"0":{"start":{"line":5,"column":17},"end":{"line":5,"column":43}},"1":{"start":{"line":6,"column":25},"end":{"line":6,"column":59}},"2":{"start":{"line":7,"column":19},"end":{"line":7,"column":50}},"3":{"start":{"line":8,"column":19},"end":{"line":8,"column":44}},"4":{"start":{"line":9,"column":18},"end":{"line":9,"column":41}},"5":{"start":{"line":10,"column":17},"end":{"line":10,"column":33}},"6":{"start":{"line":11,"column":18},"end":{"line":11,"column":58}},"7":{"start":{"line":12,"column":23},"end":{"line":12,"column":62}},"8":{"start":{"line":14,"column":4},"end":{"line":14,"column":44}},"9":{"start":{"line":16,"column":4},"end":{"line":38,"column":5}},"10":{"start":{"line":17,"column":8},"end":{"line":17,"column":38}},"11":{"start":{"line":18,"column":8},"end":{"line":18,"column":58}},"12":{"start":{"line":19,"column":8},"end":{"line":19,"column":53}},"13":{"start":{"line":20,"column":8},"end":{"line":20,"column":52}},"14":{"start":{"line":21,"column":8},"end":{"line":21,"column":39}},"15":{"start":{"line":22,"column":8},"end":{"line":22,"column":44}},"16":{"start":{"line":23,"column":8},"end":{"line":23,"column":34}},"17":{"start":{"line":24,"column":8},"end":{"line":24,"column":37}},"18":{"start":{"line":25,"column":8},"end":{"line":25,"column":31}},"19":{"start":{"line":26,"column":8},"end":{"line":26,"column":46}},"20":{"start":{"line":28,"column":8},"end":{"line":28,"column":40}},"21":{"start":{"line":29,"column":8},"end":{"line":29,"column":45}},"22":{"start":{"line":30,"column":8},"end":{"line":30,"column":52}},"23":{"start":{"line":31,"column":8},"end":{"line":31,"column":52}},"24":{"start":{"line":32,"column":8},"end":{"line":32,"column":58}},"25":{"start":{"line":33,"column":8},"end":{"line":33,"column":42}},"26":{"start":{"line":34,"column":8},"end":{"line":34,"column":34}},"27":{"start":{"line":35,"column":8},"end":{"line":35,"column":37}},"28":{"start":{"line":36,"column":8},"end":{"line":36,"column":47}},"29":{"start":{"line":37,"column":8},"end":{"line":37,"column":30}},"30":{"start":{"line":42,"column":18},"end":{"line":42,"column":59}},"31":{"start":{"line":43,"column":21},"end":{"line":43,"column":57}},"32":{"start":{"line":44,"column":18},"end":{"line":44,"column":41}},"33":{"start":{"line":45,"column":17},"end":{"line":45,"column":33}},"34":{"start":{"line":46,"column":17},"end":{"line":46,"column":43}},"35":{"start":{"line":47,"column":18},"end":{"line":47,"column":36}},"36":{"start":{"line":48,"column":18},"end":{"line":48,"column":34}},"37":{"start":{"line":49,"column":4},"end":{"line":49,"column":38}},"38":{"start":{"line":50,"column":4},"end":{"line":50,"column":38}},"39":{"start":{"line":51,"column":4},"end":{"line":51,"column":33}},"40":{"start":{"line":52,"column":4},"end":{"line":52,"column":33}},"41":{"start":{"line":53,"column":4},"end":{"line":55,"column":5}},"42":{"start":{"line":54,"column":8},"end":{"line":54,"column":51}},"43":{"start":{"line":56,"column":4},"end":{"line":56,"column":57}},"44":{"start":{"line":57,"column":4},"end":{"line":57,"column":74}},"45":{"start":{"line":57,"column":44},"end":{"line":57,"column":74}},"46":{"start":{"line":61,"column":18},"end":{"line":61,"column":65}},"47":{"start":{"line":62,"column":21},"end":{"line":62,"column":57}},"48":{"start":{"line":63,"column":22},"end":{"line":63,"column":42}},"49":{"start":{"line":65,"column":4},"end":{"line":65,"column":30}},"50":{"start":{"line":66,"column":4},"end":{"line":66,"column":57}},"51":{"start":{"line":67,"column":4},"end":{"line":67,"column":34}},"52":{"start":{"line":71,"column":17},"end":{"line":71,"column":35}},"53":{"start":{"line":72,"column":28},"end":{"line":72,"column":51}},"54":{"start":{"line":73,"column":4},"end":{"line":73,"column":39}}},"fnMap":{"0":{"name":"toggleShow","decl":{"start":{"line":4,"column":16},"end":{"line":4,"column":26}},"loc":{"start":{"line":4,"column":29},"end":{"line":39,"column":1}},"line":4},"1":{"name":"toggleStatus","decl":{"start":{"line":41,"column":16},"end":{"line":41,"column":28}},"loc":{"start":{"line":41,"column":31},"end":{"line":58,"column":1}},"line":41},"2":{"name":"deleteTask","decl":{"start":{"line":60,"column":16},"end":{"line":60,"column":26}},"loc":{"start":{"line":60,"column":29},"end":{"line":68,"column":1}},"line":60},"3":{"name":"fileNameUpdate","decl":{"start":{"line":70,"column":16},"end":{"line":70,"column":30}},"loc":{"start":{"line":70,"column":33},"end":{"line":74,"column":1}},"line":70}},"branchMap":{"0":{"loc":{"start":{"line":16,"column":4},"end":{"line":38,"column":5}},"type":"if","locations":[{"start":{"line":16,"column":4},"end":{"line":38,"column":5}},{"start":{"line":16,"column":4},"end":{"line":38,"column":5}}],"line":16},"1":{"loc":{"start":{"line":53,"column":4},"end":{"line":55,"column":5}},"type":"if","locations":[{"start":{"line":53,"column":4},"end":{"line":55,"column":5}},{"start":{"line":53,"column":4},"end":{"line":55,"column":5}}],"line":53},"2":{"loc":{"start":{"line":57,"column":4},"end":{"line":57,"column":74}},"type":"if","locations":[{"start":{"line":57,"column":4},"end":{"line":57,"column":74}},{"start":{"line":57,"column":4},"end":{"line":57,"column":74}}],"line":57},"3":{"loc":{"start":{"line":61,"column":18},"end":{"line":61,"column":65}},"type":"binary-expr","locations":[{"start":{"line":61,"column":18},"end":{"line":61,"column":59}},{"start":{"line":61,"column":63},"end":{"line":61,"column":65}}],"line":61}},"s":{"0":1,"1":1,"2":1,"3":1,"4":1,"5":1,"6":1,"7":1,"8":1,"9":1,"10":1,"11":1,"12":1,"13":1,"14":1,"15":1,"16":1,"17":1,"18":1,"19":1,"20":0,"21":0,"22":0,"23":0,"24":0,"25":0,"26":0,"27":0,"28":0,"29":0,"30":2,"31":2,"32":2,"33":2,"34":2,"35":2,"36":2,"37":2,"38":2,"39":2,"40":2,"41":2,"42":2,"43":2,"44":2,"45":0,"46":1,"47":1,"48":1,"49":1,"50":1,"51":1,"52":0,"53":0,"54":0},"f":{"0":1,"1":2,"2":1,"3":0},"b":{"0":[1,0],"1":[2,0],"2":[0,2],"3":[1,0]},"_coverageSchema":"1a1c01bbd47fc00a2c39e90264f33305004495a9","hash":"8a6bbeeb18ed4e5b3b15fa4cc732d6d38e485c80"}
}
