{"/Users/yuny12345/Desktop/todolist_practice/vanillaJS/__test__/localstorage.js": {"path":"/Users/yuny12345/Desktop/todolist_practice/vanillaJS/__test__/localstorage.js","statementMap":{"0":{"start":{"line":1,"column":0},"end":{"line":7,"column":4}},"1":{"start":{"line":2,"column":12},"end":{"line":2,"column":14}},"2":{"start":{"line":3,"column":14},"end":{"line":3,"column":51}},"3":{"start":{"line":3,"column":29},"end":{"line":3,"column":50}},"4":{"start":{"line":4,"column":14},"end":{"line":4,"column":36}},"5":{"start":{"line":4,"column":21},"end":{"line":4,"column":36}},"6":{"start":{"line":5,"column":17},"end":{"line":5,"column":51}},"7":{"start":{"line":5,"column":26},"end":{"line":5,"column":49}},"8":{"start":{"line":6,"column":12},"end":{"line":6,"column":35}},"9":{"start":{"line":6,"column":19},"end":{"line":6,"column":34}}},"fnMap":{"0":{"name":"(anonymous_0)","decl":{"start":{"line":3,"column":14},"end":{"line":3,"column":15}},"loc":{"start":{"line":3,"column":29},"end":{"line":3,"column":50}},"line":3},"1":{"name":"(anonymous_1)","decl":{"start":{"line":4,"column":14},"end":{"line":4,"column":15}},"loc":{"start":{"line":4,"column":21},"end":{"line":4,"column":36}},"line":4},"2":{"name":"(anonymous_2)","decl":{"start":{"line":5,"column":17},"end":{"line":5,"column":18}},"loc":{"start":{"line":5,"column":24},"end":{"line":5,"column":51}},"line":5},"3":{"name":"(anonymous_3)","decl":{"start":{"line":6,"column":12},"end":{"line":6,"column":13}},"loc":{"start":{"line":6,"column":19},"end":{"line":6,"column":34}},"line":6}},"branchMap":{},"s":{"0":1,"1":1,"2":1,"3":0,"4":1,"5":0,"6":1,"7":0,"8":1,"9":0},"f":{"0":0,"1":0,"2":0,"3":0},"b":{},"_coverageSchema":"1a1c01bbd47fc00a2c39e90264f33305004495a9","hash":"38caf5eadd5a910dcaff67beb19e948a179d1ef9"}
,"/Users/yuny12345/Desktop/todolist_practice/vanillaJS/script/todolist_script.js": {"path":"/Users/yuny12345/Desktop/todolist_practice/vanillaJS/script/todolist_script.js","statementMap":{"0":{"start":{"line":1,"column":21},"end":{"line":1,"column":57}},"1":{"start":{"line":4,"column":19},"end":{"line":4,"column":65}},"2":{"start":{"line":6,"column":22},"end":{"line":6,"column":61}},"3":{"start":{"line":7,"column":20},"end":{"line":7,"column":60}},"4":{"start":{"line":8,"column":21},"end":{"line":8,"column":61}},"5":{"start":{"line":9,"column":19},"end":{"line":9,"column":57}},"6":{"start":{"line":10,"column":17},"end":{"line":10,"column":53}},"7":{"start":{"line":12,"column":17},"end":{"line":12,"column":51}},"8":{"start":{"line":14,"column":14},"end":{"line":14,"column":61}},"9":{"start":{"line":15,"column":17},"end":{"line":15,"column":53}},"10":{"start":{"line":19,"column":23},"end":{"line":19,"column":79}},"11":{"start":{"line":20,"column":0},"end":{"line":23,"column":2}},"12":{"start":{"line":21,"column":4},"end":{"line":21,"column":54}},"13":{"start":{"line":22,"column":4},"end":{"line":22,"column":46}},"14":{"start":{"line":31,"column":4},"end":{"line":31,"column":28}},"15":{"start":{"line":32,"column":4},"end":{"line":32,"column":34}},"16":{"start":{"line":33,"column":4},"end":{"line":33,"column":55}},"17":{"start":{"line":34,"column":4},"end":{"line":34,"column":44}},"18":{"start":{"line":37,"column":4},"end":{"line":37,"column":32}},"19":{"start":{"line":38,"column":4},"end":{"line":38,"column":55}},"20":{"start":{"line":39,"column":4},"end":{"line":39,"column":50}},"21":{"start":{"line":42,"column":4},"end":{"line":45,"column":5}},"22":{"start":{"line":43,"column":25},"end":{"line":43,"column":48}},"23":{"start":{"line":44,"column":8},"end":{"line":44,"column":73}},"24":{"start":{"line":46,"column":4},"end":{"line":48,"column":5}},"25":{"start":{"line":47,"column":8},"end":{"line":47,"column":54}},"26":{"start":{"line":49,"column":4},"end":{"line":49,"column":35}},"27":{"start":{"line":50,"column":4},"end":{"line":50,"column":28}},"28":{"start":{"line":54,"column":4},"end":{"line":54,"column":23}},"29":{"start":{"line":57,"column":31},"end":{"line":57,"column":56}},"30":{"start":{"line":58,"column":25},"end":{"line":58,"column":29}},"31":{"start":{"line":59,"column":4},"end":{"line":59,"column":41}},"32":{"start":{"line":60,"column":4},"end":{"line":60,"column":52}},"33":{"start":{"line":60,"column":45},"end":{"line":60,"column":52}},"34":{"start":{"line":62,"column":21},"end":{"line":62,"column":61}},"35":{"start":{"line":63,"column":4},"end":{"line":65,"column":5}},"36":{"start":{"line":64,"column":8},"end":{"line":64,"column":90}},"37":{"start":{"line":66,"column":4},"end":{"line":68,"column":5}},"38":{"start":{"line":67,"column":8},"end":{"line":67,"column":71}},"39":{"start":{"line":70,"column":22},"end":{"line":70,"column":50}},"40":{"start":{"line":71,"column":22},"end":{"line":71,"column":93}},"41":{"start":{"line":72,"column":17},"end":{"line":72,"column":33}},"42":{"start":{"line":73,"column":4},"end":{"line":73,"column":30}},"43":{"start":{"line":74,"column":4},"end":{"line":74,"column":36}},"44":{"start":{"line":75,"column":4},"end":{"line":75,"column":57}},"45":{"start":{"line":77,"column":4},"end":{"line":77,"column":34}},"46":{"start":{"line":176,"column":22},"end":{"line":176,"column":67}},"47":{"start":{"line":177,"column":4},"end":{"line":177,"column":143}},"48":{"start":{"line":177,"column":50},"end":{"line":177,"column":67}},"49":{"start":{"line":177,"column":102},"end":{"line":177,"column":119}},"50":{"start":{"line":182,"column":4},"end":{"line":182,"column":74}},"51":{"start":{"line":182,"column":33},"end":{"line":182,"column":72}},"52":{"start":{"line":183,"column":4},"end":{"line":199,"column":5}},"53":{"start":{"line":185,"column":12},"end":{"line":185,"column":47}},"54":{"start":{"line":186,"column":12},"end":{"line":186,"column":53}},"55":{"start":{"line":187,"column":12},"end":{"line":187,"column":51}},"56":{"start":{"line":188,"column":12},"end":{"line":188,"column":18}},"57":{"start":{"line":190,"column":12},"end":{"line":190,"column":47}},"58":{"start":{"line":191,"column":12},"end":{"line":191,"column":50}},"59":{"start":{"line":192,"column":12},"end":{"line":192,"column":51}},"60":{"start":{"line":193,"column":12},"end":{"line":193,"column":18}},"61":{"start":{"line":195,"column":12},"end":{"line":195,"column":47}},"62":{"start":{"line":196,"column":12},"end":{"line":196,"column":48}},"63":{"start":{"line":197,"column":12},"end":{"line":197,"column":53}},"64":{"start":{"line":198,"column":12},"end":{"line":198,"column":18}},"65":{"start":{"line":203,"column":4},"end":{"line":203,"column":32}},"66":{"start":{"line":204,"column":4},"end":{"line":204,"column":39}},"67":{"start":{"line":205,"column":4},"end":{"line":205,"column":66}},"68":{"start":{"line":205,"column":21},"end":{"line":205,"column":62}},"69":{"start":{"line":206,"column":4},"end":{"line":206,"column":54}},"70":{"start":{"line":207,"column":4},"end":{"line":207,"column":92}},"71":{"start":{"line":208,"column":4},"end":{"line":208,"column":56}},"72":{"start":{"line":210,"column":4},"end":{"line":210,"column":80}},"73":{"start":{"line":211,"column":4},"end":{"line":211,"column":82}},"74":{"start":{"line":212,"column":4},"end":{"line":212,"column":88}},"75":{"start":{"line":216,"column":4},"end":{"line":216,"column":23}},"76":{"start":{"line":217,"column":22},"end":{"line":217,"column":64}},"77":{"start":{"line":218,"column":25},"end":{"line":218,"column":66}},"78":{"start":{"line":219,"column":25},"end":{"line":219,"column":66}},"79":{"start":{"line":220,"column":23},"end":{"line":220,"column":67}},"80":{"start":{"line":221,"column":17},"end":{"line":221,"column":66}},"81":{"start":{"line":222,"column":19},"end":{"line":222,"column":53}},"82":{"start":{"line":224,"column":4},"end":{"line":228,"column":5}},"83":{"start":{"line":225,"column":8},"end":{"line":225,"column":92}},"84":{"start":{"line":226,"column":8},"end":{"line":226,"column":80}},"85":{"start":{"line":227,"column":8},"end":{"line":227,"column":15}},"86":{"start":{"line":230,"column":17},"end":{"line":238,"column":5}},"87":{"start":{"line":240,"column":4},"end":{"line":240,"column":21}},"88":{"start":{"line":241,"column":4},"end":{"line":241,"column":57}},"89":{"start":{"line":244,"column":4},"end":{"line":244,"column":34}},"90":{"start":{"line":245,"column":4},"end":{"line":245,"column":17}},"91":{"start":{"line":246,"column":4},"end":{"line":246,"column":16}},"92":{"start":{"line":250,"column":4},"end":{"line":250,"column":87}},"93":{"start":{"line":251,"column":4},"end":{"line":251,"column":84}},"94":{"start":{"line":252,"column":4},"end":{"line":252,"column":44}},"95":{"start":{"line":253,"column":4},"end":{"line":253,"column":41}},"96":{"start":{"line":254,"column":4},"end":{"line":254,"column":93}},"97":{"start":{"line":255,"column":4},"end":{"line":255,"column":30}},"98":{"start":{"line":256,"column":4},"end":{"line":256,"column":24}},"99":{"start":{"line":257,"column":4},"end":{"line":257,"column":80}},"100":{"start":{"line":258,"column":4},"end":{"line":258,"column":82}},"101":{"start":{"line":259,"column":4},"end":{"line":259,"column":15}},"102":{"start":{"line":263,"column":17},"end":{"line":263,"column":35}},"103":{"start":{"line":264,"column":28},"end":{"line":264,"column":51}},"104":{"start":{"line":265,"column":4},"end":{"line":265,"column":39}},"105":{"start":{"line":269,"column":4},"end":{"line":269,"column":49}},"106":{"start":{"line":270,"column":4},"end":{"line":270,"column":65}},"107":{"start":{"line":270,"column":21},"end":{"line":270,"column":58}},"108":{"start":{"line":271,"column":4},"end":{"line":271,"column":67}},"109":{"start":{"line":271,"column":21},"end":{"line":271,"column":60}},"110":{"start":{"line":329,"column":20},"end":{"line":329,"column":28}},"111":{"start":{"line":330,"column":21},"end":{"line":330,"column":50}},"112":{"start":{"line":331,"column":18},"end":{"line":331,"column":62}},"113":{"start":{"line":332,"column":18},"end":{"line":332,"column":40}},"114":{"start":{"line":333,"column":23},"end":{"line":333,"column":35}},"115":{"start":{"line":335,"column":4},"end":{"line":340,"column":5}},"116":{"start":{"line":336,"column":8},"end":{"line":336,"column":43}},"117":{"start":{"line":337,"column":8},"end":{"line":337,"column":80}},"118":{"start":{"line":338,"column":8},"end":{"line":338,"column":80}},"119":{"start":{"line":339,"column":8},"end":{"line":339,"column":80}},"120":{"start":{"line":342,"column":4},"end":{"line":362,"column":5}},"121":{"start":{"line":343,"column":28},"end":{"line":343,"column":39}},"122":{"start":{"line":344,"column":27},"end":{"line":344,"column":72}},"123":{"start":{"line":345,"column":27},"end":{"line":345,"column":72}},"124":{"start":{"line":346,"column":27},"end":{"line":346,"column":75}},"125":{"start":{"line":347,"column":27},"end":{"line":347,"column":80}},"126":{"start":{"line":349,"column":8},"end":{"line":353,"column":9}},"127":{"start":{"line":350,"column":12},"end":{"line":350,"column":65}},"128":{"start":{"line":351,"column":12},"end":{"line":351,"column":53}},"129":{"start":{"line":352,"column":12},"end":{"line":352,"column":19}},"130":{"start":{"line":355,"column":8},"end":{"line":355,"column":43}},"131":{"start":{"line":356,"column":8},"end":{"line":356,"column":45}},"132":{"start":{"line":357,"column":8},"end":{"line":357,"column":45}},"133":{"start":{"line":358,"column":8},"end":{"line":358,"column":43}},"134":{"start":{"line":359,"column":8},"end":{"line":359,"column":37}},"135":{"start":{"line":360,"column":8},"end":{"line":360,"column":61}},"136":{"start":{"line":361,"column":8},"end":{"line":361,"column":38}},"137":{"start":{"line":366,"column":22},"end":{"line":366,"column":42}},"138":{"start":{"line":368,"column":4},"end":{"line":368,"column":30}},"139":{"start":{"line":369,"column":4},"end":{"line":369,"column":57}},"140":{"start":{"line":370,"column":4},"end":{"line":370,"column":34}},"141":{"start":{"line":373,"column":0},"end":{"line":373,"column":30}},"142":{"start":{"line":374,"column":0},"end":{"line":374,"column":68}},"143":{"start":{"line":374,"column":27},"end":{"line":374,"column":66}},"144":{"start":{"line":376,"column":0},"end":{"line":376,"column":49}},"145":{"start":{"line":377,"column":0},"end":{"line":377,"column":48}},"146":{"start":{"line":378,"column":0},"end":{"line":378,"column":50}},"147":{"start":{"line":380,"column":0},"end":{"line":380,"column":45}},"148":{"start":{"line":381,"column":0},"end":{"line":381,"column":45}}},"fnMap":{"0":{"name":"(anonymous_0)","decl":{"start":{"line":20,"column":23},"end":{"line":20,"column":24}},"loc":{"start":{"line":20,"column":31},"end":{"line":23,"column":1}},"line":20},"1":{"name":"handleDragStart","decl":{"start":{"line":30,"column":9},"end":{"line":30,"column":24}},"loc":{"start":{"line":30,"column":41},"end":{"line":35,"column":1}},"line":30},"2":{"name":"handleDragEnd","decl":{"start":{"line":36,"column":9},"end":{"line":36,"column":22}},"loc":{"start":{"line":36,"column":39},"end":{"line":40,"column":1}},"line":36},"3":{"name":"handleDragPassby","decl":{"start":{"line":41,"column":9},"end":{"line":41,"column":25}},"loc":{"start":{"line":41,"column":42},"end":{"line":51,"column":1}},"line":41},"4":{"name":"handleDragover","decl":{"start":{"line":53,"column":9},"end":{"line":53,"column":23}},"loc":{"start":{"line":53,"column":27},"end":{"line":55,"column":1}},"line":53},"5":{"name":"handleDrop","decl":{"start":{"line":56,"column":9},"end":{"line":56,"column":19}},"loc":{"start":{"line":56,"column":23},"end":{"line":79,"column":1}},"line":56},"6":{"name":"countLeft","decl":{"start":{"line":175,"column":9},"end":{"line":175,"column":18}},"loc":{"start":{"line":175,"column":20},"end":{"line":178,"column":1}},"line":175},"7":{"name":"(anonymous_7)","decl":{"start":{"line":177,"column":44},"end":{"line":177,"column":45}},"loc":{"start":{"line":177,"column":50},"end":{"line":177,"column":67}},"line":177},"8":{"name":"(anonymous_8)","decl":{"start":{"line":177,"column":96},"end":{"line":177,"column":97}},"loc":{"start":{"line":177,"column":102},"end":{"line":177,"column":119}},"line":177},"9":{"name":"select","decl":{"start":{"line":181,"column":9},"end":{"line":181,"column":15}},"loc":{"start":{"line":181,"column":18},"end":{"line":200,"column":1}},"line":181},"10":{"name":"(anonymous_10)","decl":{"start":{"line":182,"column":23},"end":{"line":182,"column":24}},"loc":{"start":{"line":182,"column":33},"end":{"line":182,"column":72}},"line":182},"11":{"name":"newTask","decl":{"start":{"line":202,"column":9},"end":{"line":202,"column":16}},"loc":{"start":{"line":202,"column":19},"end":{"line":213,"column":1}},"line":202},"12":{"name":"(anonymous_12)","decl":{"start":{"line":205,"column":15},"end":{"line":205,"column":16}},"loc":{"start":{"line":205,"column":21},"end":{"line":205,"column":62}},"line":205},"13":{"name":"addTask","decl":{"start":{"line":215,"column":9},"end":{"line":215,"column":16}},"loc":{"start":{"line":215,"column":20},"end":{"line":247,"column":1}},"line":215},"14":{"name":"resetForm","decl":{"start":{"line":249,"column":9},"end":{"line":249,"column":18}},"loc":{"start":{"line":249,"column":21},"end":{"line":260,"column":1}},"line":249},"15":{"name":"fileNameUpdate","decl":{"start":{"line":262,"column":9},"end":{"line":262,"column":23}},"loc":{"start":{"line":262,"column":26},"end":{"line":266,"column":1}},"line":262},"16":{"name":"withDraw","decl":{"start":{"line":268,"column":9},"end":{"line":268,"column":17}},"loc":{"start":{"line":268,"column":20},"end":{"line":272,"column":1}},"line":268},"17":{"name":"(anonymous_17)","decl":{"start":{"line":270,"column":15},"end":{"line":270,"column":16}},"loc":{"start":{"line":270,"column":21},"end":{"line":270,"column":58}},"line":270},"18":{"name":"(anonymous_18)","decl":{"start":{"line":271,"column":15},"end":{"line":271,"column":16}},"loc":{"start":{"line":271,"column":21},"end":{"line":271,"column":60}},"line":271},"19":{"name":"editTask","decl":{"start":{"line":328,"column":9},"end":{"line":328,"column":17}},"loc":{"start":{"line":328,"column":21},"end":{"line":363,"column":1}},"line":328},"20":{"name":"deleteTask","decl":{"start":{"line":365,"column":9},"end":{"line":365,"column":19}},"loc":{"start":{"line":365,"column":22},"end":{"line":371,"column":1}},"line":365},"21":{"name":"(anonymous_21)","decl":{"start":{"line":374,"column":19},"end":{"line":374,"column":20}},"loc":{"start":{"line":374,"column":27},"end":{"line":374,"column":66}},"line":374}},"branchMap":{"0":{"loc":{"start":{"line":14,"column":14},"end":{"line":14,"column":61}},"type":"binary-expr","locations":[{"start":{"line":14,"column":14},"end":{"line":14,"column":55}},{"start":{"line":14,"column":59},"end":{"line":14,"column":61}}],"line":14},"1":{"loc":{"start":{"line":42,"column":4},"end":{"line":45,"column":5}},"type":"if","locations":[{"start":{"line":42,"column":4},"end":{"line":45,"column":5}},{"start":{"line":42,"column":4},"end":{"line":45,"column":5}}],"line":42},"2":{"loc":{"start":{"line":42,"column":8},"end":{"line":42,"column":86}},"type":"binary-expr","locations":[{"start":{"line":42,"column":8},"end":{"line":42,"column":56}},{"start":{"line":42,"column":60},"end":{"line":42,"column":86}}],"line":42},"3":{"loc":{"start":{"line":44,"column":34},"end":{"line":44,"column":70}},"type":"cond-expr","locations":[{"start":{"line":44,"column":43},"end":{"line":44,"column":55}},{"start":{"line":44,"column":56},"end":{"line":44,"column":70}}],"line":44},"4":{"loc":{"start":{"line":46,"column":4},"end":{"line":48,"column":5}},"type":"if","locations":[{"start":{"line":46,"column":4},"end":{"line":48,"column":5}},{"start":{"line":46,"column":4},"end":{"line":48,"column":5}}],"line":46},"5":{"loc":{"start":{"line":46,"column":8},"end":{"line":46,"column":64}},"type":"binary-expr","locations":[{"start":{"line":46,"column":8},"end":{"line":46,"column":28}},{"start":{"line":46,"column":32},"end":{"line":46,"column":64}}],"line":46},"6":{"loc":{"start":{"line":60,"column":4},"end":{"line":60,"column":52}},"type":"if","locations":[{"start":{"line":60,"column":4},"end":{"line":60,"column":52}},{"start":{"line":60,"column":4},"end":{"line":60,"column":52}}],"line":60},"7":{"loc":{"start":{"line":63,"column":4},"end":{"line":65,"column":5}},"type":"if","locations":[{"start":{"line":63,"column":4},"end":{"line":65,"column":5}},{"start":{"line":63,"column":4},"end":{"line":65,"column":5}}],"line":63},"8":{"loc":{"start":{"line":66,"column":4},"end":{"line":68,"column":5}},"type":"if","locations":[{"start":{"line":66,"column":4},"end":{"line":68,"column":5}},{"start":{"line":66,"column":4},"end":{"line":68,"column":5}}],"line":66},"9":{"loc":{"start":{"line":177,"column":83},"end":{"line":177,"column":136}},"type":"cond-expr","locations":[{"start":{"line":177,"column":130},"end":{"line":177,"column":133}},{"start":{"line":177,"column":134},"end":{"line":177,"column":136}}],"line":177},"10":{"loc":{"start":{"line":183,"column":4},"end":{"line":199,"column":5}},"type":"switch","locations":[{"start":{"line":184,"column":8},"end":{"line":188,"column":18}},{"start":{"line":189,"column":8},"end":{"line":193,"column":18}},{"start":{"line":194,"column":8},"end":{"line":198,"column":18}}],"line":183},"11":{"loc":{"start":{"line":224,"column":4},"end":{"line":228,"column":5}},"type":"if","locations":[{"start":{"line":224,"column":4},"end":{"line":228,"column":5}},{"start":{"line":224,"column":4},"end":{"line":228,"column":5}}],"line":224},"12":{"loc":{"start":{"line":335,"column":4},"end":{"line":340,"column":5}},"type":"if","locations":[{"start":{"line":335,"column":4},"end":{"line":340,"column":5}},{"start":{"line":335,"column":4},"end":{"line":340,"column":5}}],"line":335},"13":{"loc":{"start":{"line":342,"column":4},"end":{"line":362,"column":5}},"type":"if","locations":[{"start":{"line":342,"column":4},"end":{"line":362,"column":5}},{"start":{"line":342,"column":4},"end":{"line":362,"column":5}}],"line":342},"14":{"loc":{"start":{"line":349,"column":8},"end":{"line":353,"column":9}},"type":"if","locations":[{"start":{"line":349,"column":8},"end":{"line":353,"column":9}},{"start":{"line":349,"column":8},"end":{"line":353,"column":9}}],"line":349}},"s":{"0":1,"1":1,"2":1,"3":1,"4":1,"5":1,"6":1,"7":1,"8":1,"9":1,"10":1,"11":1,"12":4,"13":4,"14":0,"15":0,"16":0,"17":0,"18":0,"19":0,"20":0,"21":0,"22":0,"23":0,"24":0,"25":0,"26":0,"27":0,"28":0,"29":0,"30":0,"31":0,"32":0,"33":0,"34":0,"35":0,"36":0,"37":0,"38":0,"39":0,"40":0,"41":0,"42":0,"43":0,"44":0,"45":0,"46":0,"47":0,"48":0,"49":0,"50":0,"51":0,"52":0,"53":0,"54":0,"55":0,"56":0,"57":0,"58":0,"59":0,"60":0,"61":0,"62":0,"63":0,"64":0,"65":0,"66":0,"67":0,"68":0,"69":0,"70":0,"71":0,"72":0,"73":0,"74":0,"75":0,"76":0,"77":0,"78":0,"79":0,"80":0,"81":0,"82":0,"83":0,"84":0,"85":0,"86":0,"87":0,"88":0,"89":0,"90":0,"91":0,"92":0,"93":0,"94":0,"95":0,"96":0,"97":0,"98":0,"99":0,"100":0,"101":0,"102":0,"103":0,"104":0,"105":0,"106":0,"107":0,"108":0,"109":0,"110":0,"111":0,"112":0,"113":0,"114":0,"115":0,"116":0,"117":0,"118":0,"119":0,"120":0,"121":0,"122":0,"123":0,"124":0,"125":0,"126":0,"127":0,"128":0,"129":0,"130":0,"131":0,"132":0,"133":0,"134":0,"135":0,"136":0,"137":0,"138":0,"139":0,"140":0,"141":1,"142":0,"143":0,"144":0,"145":0,"146":0,"147":0,"148":0},"f":{"0":4,"1":0,"2":0,"3":0,"4":0,"5":0,"6":0,"7":0,"8":0,"9":0,"10":0,"11":0,"12":0,"13":0,"14":0,"15":0,"16":0,"17":0,"18":0,"19":0,"20":0,"21":0},"b":{"0":[1,1],"1":[0,0],"2":[0,0],"3":[0,0],"4":[0,0],"5":[0,0],"6":[0,0],"7":[0,0],"8":[0,0],"9":[0,0],"10":[0,0,0],"11":[0,0],"12":[0,0],"13":[0,0],"14":[0,0]},"_coverageSchema":"1a1c01bbd47fc00a2c39e90264f33305004495a9","hash":"414246eec93c04250ca8cf01f1dd5062c0593cab"}
,"/Users/yuny12345/Desktop/todolist_practice/vanillaJS/script/modules/populateList.js": {"path":"/Users/yuny12345/Desktop/todolist_practice/vanillaJS/script/modules/populateList.js","statementMap":{"0":{"start":{"line":5,"column":4},"end":{"line":5,"column":23}},"1":{"start":{"line":9,"column":23},"end":{"line":74,"column":6}},"2":{"start":{"line":10,"column":29},"end":{"line":72,"column":16}},"3":{"start":{"line":73,"column":8},"end":{"line":73,"column":27}},"4":{"start":{"line":76,"column":26},"end":{"line":76,"column":128}},"5":{"start":{"line":76,"column":52},"end":{"line":76,"column":118}},"6":{"start":{"line":77,"column":25},"end":{"line":77,"column":91}},"7":{"start":{"line":77,"column":51},"end":{"line":77,"column":81}},"8":{"start":{"line":78,"column":30},"end":{"line":78,"column":99}},"9":{"start":{"line":78,"column":56},"end":{"line":78,"column":89}},"10":{"start":{"line":79,"column":29},"end":{"line":79,"column":91}},"11":{"start":{"line":79,"column":55},"end":{"line":79,"column":81}},"12":{"start":{"line":80,"column":25},"end":{"line":80,"column":68}},"13":{"start":{"line":81,"column":24},"end":{"line":81,"column":66}},"14":{"start":{"line":82,"column":29},"end":{"line":82,"column":77}},"15":{"start":{"line":83,"column":28},"end":{"line":83,"column":75}},"16":{"start":{"line":85,"column":4},"end":{"line":85,"column":43}},"17":{"start":{"line":86,"column":4},"end":{"line":86,"column":41}},"18":{"start":{"line":87,"column":4},"end":{"line":87,"column":51}},"19":{"start":{"line":88,"column":4},"end":{"line":88,"column":49}},"20":{"start":{"line":90,"column":17},"end":{"line":90,"column":61}},"21":{"start":{"line":91,"column":4},"end":{"line":91,"column":72}},"22":{"start":{"line":91,"column":27},"end":{"line":91,"column":71}},"23":{"start":{"line":92,"column":22},"end":{"line":92,"column":75}},"24":{"start":{"line":93,"column":4},"end":{"line":93,"column":79}},"25":{"start":{"line":93,"column":32},"end":{"line":93,"column":78}},"26":{"start":{"line":94,"column":19},"end":{"line":94,"column":63}},"27":{"start":{"line":95,"column":4},"end":{"line":95,"column":76}},"28":{"start":{"line":95,"column":29},"end":{"line":95,"column":75}},"29":{"start":{"line":96,"column":25},"end":{"line":96,"column":71}},"30":{"start":{"line":97,"column":4},"end":{"line":97,"column":80}},"31":{"start":{"line":97,"column":35},"end":{"line":97,"column":79}},"32":{"start":{"line":99,"column":4},"end":{"line":99,"column":16}},"33":{"start":{"line":102,"column":0},"end":{"line":102,"column":30}}},"fnMap":{"0":{"name":"populateList","decl":{"start":{"line":8,"column":9},"end":{"line":8,"column":21}},"loc":{"start":{"line":8,"column":49},"end":{"line":100,"column":1}},"line":8},"1":{"name":"(anonymous_1)","decl":{"start":{"line":9,"column":38},"end":{"line":9,"column":39}},"loc":{"start":{"line":9,"column":55},"end":{"line":74,"column":5}},"line":9},"2":{"name":"(anonymous_2)","decl":{"start":{"line":76,"column":46},"end":{"line":76,"column":47}},"loc":{"start":{"line":76,"column":52},"end":{"line":76,"column":118}},"line":76},"3":{"name":"(anonymous_3)","decl":{"start":{"line":77,"column":45},"end":{"line":77,"column":46}},"loc":{"start":{"line":77,"column":51},"end":{"line":77,"column":81}},"line":77},"4":{"name":"(anonymous_4)","decl":{"start":{"line":78,"column":50},"end":{"line":78,"column":51}},"loc":{"start":{"line":78,"column":56},"end":{"line":78,"column":89}},"line":78},"5":{"name":"(anonymous_5)","decl":{"start":{"line":79,"column":49},"end":{"line":79,"column":50}},"loc":{"start":{"line":79,"column":55},"end":{"line":79,"column":81}},"line":79},"6":{"name":"(anonymous_6)","decl":{"start":{"line":91,"column":17},"end":{"line":91,"column":18}},"loc":{"start":{"line":91,"column":27},"end":{"line":91,"column":71}},"line":91},"7":{"name":"(anonymous_7)","decl":{"start":{"line":93,"column":22},"end":{"line":93,"column":23}},"loc":{"start":{"line":93,"column":32},"end":{"line":93,"column":78}},"line":93},"8":{"name":"(anonymous_8)","decl":{"start":{"line":95,"column":19},"end":{"line":95,"column":20}},"loc":{"start":{"line":95,"column":29},"end":{"line":95,"column":75}},"line":95},"9":{"name":"(anonymous_9)","decl":{"start":{"line":97,"column":25},"end":{"line":97,"column":26}},"loc":{"start":{"line":97,"column":35},"end":{"line":97,"column":79}},"line":97}},"branchMap":{"0":{"loc":{"start":{"line":8,"column":22},"end":{"line":8,"column":37}},"type":"default-arg","locations":[{"start":{"line":8,"column":35},"end":{"line":8,"column":37}}],"line":8},"1":{"loc":{"start":{"line":10,"column":196},"end":{"line":10,"column":221}},"type":"cond-expr","locations":[{"start":{"line":10,"column":209},"end":{"line":10,"column":218}},{"start":{"line":10,"column":219},"end":{"line":10,"column":221}}],"line":10},"2":{"loc":{"start":{"line":10,"column":225},"end":{"line":10,"column":244}},"type":"cond-expr","locations":[{"start":{"line":10,"column":235},"end":{"line":10,"column":241}},{"start":{"line":10,"column":242},"end":{"line":10,"column":244}}],"line":10},"3":{"loc":{"start":{"line":15,"column":14},"end":{"line":15,"column":37}},"type":"cond-expr","locations":[{"start":{"line":15,"column":24},"end":{"line":15,"column":33}},{"start":{"line":15,"column":34},"end":{"line":15,"column":37}}],"line":15},"4":{"loc":{"start":{"line":16,"column":81},"end":{"line":16,"column":104}},"type":"cond-expr","locations":[{"start":{"line":16,"column":91},"end":{"line":16,"column":101}},{"start":{"line":16,"column":102},"end":{"line":16,"column":104}}],"line":16},"5":{"loc":{"start":{"line":20,"column":14},"end":{"line":20,"column":40}},"type":"cond-expr","locations":[{"start":{"line":20,"column":27},"end":{"line":20,"column":36}},{"start":{"line":20,"column":37},"end":{"line":20,"column":40}}],"line":20},"6":{"loc":{"start":{"line":21,"column":73},"end":{"line":21,"column":99}},"type":"cond-expr","locations":[{"start":{"line":21,"column":86},"end":{"line":21,"column":96}},{"start":{"line":21,"column":97},"end":{"line":21,"column":99}}],"line":21},"7":{"loc":{"start":{"line":22,"column":21},"end":{"line":22,"column":45}},"type":"cond-expr","locations":[{"start":{"line":22,"column":34},"end":{"line":22,"column":39}},{"start":{"line":22,"column":40},"end":{"line":22,"column":45}}],"line":22},"8":{"loc":{"start":{"line":31,"column":10},"end":{"line":33,"column":56}},"type":"cond-expr","locations":[{"start":{"line":31,"column":28},"end":{"line":33,"column":53}},{"start":{"line":33,"column":54},"end":{"line":33,"column":56}}],"line":31},"9":{"loc":{"start":{"line":34,"column":10},"end":{"line":34,"column":71}},"type":"cond-expr","locations":[{"start":{"line":34,"column":26},"end":{"line":34,"column":68}},{"start":{"line":34,"column":69},"end":{"line":34,"column":71}}],"line":34},"10":{"loc":{"start":{"line":35,"column":10},"end":{"line":35,"column":73}},"type":"cond-expr","locations":[{"start":{"line":35,"column":20},"end":{"line":35,"column":70}},{"start":{"line":35,"column":71},"end":{"line":35,"column":73}}],"line":35},"11":{"loc":{"start":{"line":55,"column":42},"end":{"line":55,"column":61}},"type":"binary-expr","locations":[{"start":{"line":55,"column":42},"end":{"line":55,"column":57}},{"start":{"line":55,"column":59},"end":{"line":55,"column":61}}],"line":55},"12":{"loc":{"start":{"line":76,"column":52},"end":{"line":76,"column":118}},"type":"binary-expr","locations":[{"start":{"line":76,"column":52},"end":{"line":76,"column":80}},{"start":{"line":76,"column":84},"end":{"line":76,"column":118}}],"line":76}},"s":{"0":1,"1":2,"2":0,"3":0,"4":1,"5":0,"6":1,"7":0,"8":1,"9":0,"10":1,"11":0,"12":1,"13":1,"14":1,"15":1,"16":1,"17":1,"18":1,"19":1,"20":1,"21":1,"22":1,"23":1,"24":1,"25":1,"26":1,"27":1,"28":1,"29":1,"30":1,"31":0,"32":1,"33":1},"f":{"0":2,"1":0,"2":0,"3":0,"4":0,"5":0,"6":1,"7":1,"8":1,"9":0},"b":{"0":[0],"1":[0,0],"2":[0,0],"3":[0,0],"4":[0,0],"5":[0,0],"6":[0,0],"7":[0,0],"8":[0,0],"9":[0,0],"10":[0,0],"11":[0,0],"12":[0,0]},"_coverageSchema":"1a1c01bbd47fc00a2c39e90264f33305004495a9","hash":"b70a33d9cdc7abaf41d653a3b23e87b2ddd86b3b"}
,"/Users/yuny12345/Desktop/todolist_practice/vanillaJS/script/modules/toggle.js": {"path":"/Users/yuny12345/Desktop/todolist_practice/vanillaJS/script/modules/toggle.js","statementMap":{"0":{"start":{"line":2,"column":17},"end":{"line":2,"column":43}},"1":{"start":{"line":3,"column":25},"end":{"line":3,"column":59}},"2":{"start":{"line":4,"column":19},"end":{"line":4,"column":50}},"3":{"start":{"line":5,"column":19},"end":{"line":5,"column":44}},"4":{"start":{"line":6,"column":18},"end":{"line":6,"column":41}},"5":{"start":{"line":7,"column":17},"end":{"line":7,"column":33}},"6":{"start":{"line":8,"column":18},"end":{"line":8,"column":58}},"7":{"start":{"line":9,"column":23},"end":{"line":9,"column":62}},"8":{"start":{"line":11,"column":4},"end":{"line":33,"column":5}},"9":{"start":{"line":12,"column":8},"end":{"line":12,"column":38}},"10":{"start":{"line":13,"column":8},"end":{"line":13,"column":58}},"11":{"start":{"line":14,"column":8},"end":{"line":14,"column":53}},"12":{"start":{"line":15,"column":8},"end":{"line":15,"column":52}},"13":{"start":{"line":16,"column":8},"end":{"line":16,"column":39}},"14":{"start":{"line":17,"column":8},"end":{"line":17,"column":44}},"15":{"start":{"line":18,"column":8},"end":{"line":18,"column":34}},"16":{"start":{"line":19,"column":8},"end":{"line":19,"column":37}},"17":{"start":{"line":20,"column":8},"end":{"line":20,"column":31}},"18":{"start":{"line":21,"column":8},"end":{"line":21,"column":46}},"19":{"start":{"line":23,"column":8},"end":{"line":23,"column":40}},"20":{"start":{"line":24,"column":8},"end":{"line":24,"column":45}},"21":{"start":{"line":25,"column":8},"end":{"line":25,"column":52}},"22":{"start":{"line":26,"column":8},"end":{"line":26,"column":52}},"23":{"start":{"line":27,"column":8},"end":{"line":27,"column":58}},"24":{"start":{"line":28,"column":8},"end":{"line":28,"column":42}},"25":{"start":{"line":29,"column":8},"end":{"line":29,"column":34}},"26":{"start":{"line":30,"column":8},"end":{"line":30,"column":37}},"27":{"start":{"line":31,"column":8},"end":{"line":31,"column":47}},"28":{"start":{"line":32,"column":8},"end":{"line":32,"column":30}},"29":{"start":{"line":37,"column":18},"end":{"line":37,"column":41}},"30":{"start":{"line":38,"column":17},"end":{"line":38,"column":33}},"31":{"start":{"line":39,"column":17},"end":{"line":39,"column":43}},"32":{"start":{"line":40,"column":18},"end":{"line":40,"column":36}},"33":{"start":{"line":41,"column":18},"end":{"line":41,"column":34}},"34":{"start":{"line":42,"column":4},"end":{"line":42,"column":38}},"35":{"start":{"line":43,"column":4},"end":{"line":43,"column":38}},"36":{"start":{"line":44,"column":4},"end":{"line":44,"column":33}},"37":{"start":{"line":45,"column":4},"end":{"line":45,"column":33}},"38":{"start":{"line":46,"column":4},"end":{"line":48,"column":5}},"39":{"start":{"line":47,"column":8},"end":{"line":47,"column":51}},"40":{"start":{"line":50,"column":4},"end":{"line":50,"column":57}},"41":{"start":{"line":51,"column":4},"end":{"line":51,"column":34}},"42":{"start":{"line":52,"column":4},"end":{"line":52,"column":16}},"43":{"start":{"line":56,"column":22},"end":{"line":56,"column":42}},"44":{"start":{"line":58,"column":4},"end":{"line":58,"column":30}},"45":{"start":{"line":59,"column":4},"end":{"line":59,"column":57}},"46":{"start":{"line":60,"column":4},"end":{"line":60,"column":34}},"47":{"start":{"line":63,"column":0},"end":{"line":67,"column":1}}},"fnMap":{"0":{"name":"toggleShow","decl":{"start":{"line":1,"column":9},"end":{"line":1,"column":19}},"loc":{"start":{"line":1,"column":22},"end":{"line":34,"column":1}},"line":1},"1":{"name":"toggleStatus","decl":{"start":{"line":36,"column":9},"end":{"line":36,"column":21}},"loc":{"start":{"line":36,"column":24},"end":{"line":53,"column":1}},"line":36},"2":{"name":"deleteTask","decl":{"start":{"line":55,"column":9},"end":{"line":55,"column":19}},"loc":{"start":{"line":55,"column":22},"end":{"line":61,"column":1}},"line":55}},"branchMap":{"0":{"loc":{"start":{"line":11,"column":4},"end":{"line":33,"column":5}},"type":"if","locations":[{"start":{"line":11,"column":4},"end":{"line":33,"column":5}},{"start":{"line":11,"column":4},"end":{"line":33,"column":5}}],"line":11},"1":{"loc":{"start":{"line":46,"column":4},"end":{"line":48,"column":5}},"type":"if","locations":[{"start":{"line":46,"column":4},"end":{"line":48,"column":5}},{"start":{"line":46,"column":4},"end":{"line":48,"column":5}}],"line":46}},"s":{"0":0,"1":0,"2":0,"3":0,"4":0,"5":0,"6":0,"7":0,"8":0,"9":0,"10":0,"11":0,"12":0,"13":0,"14":0,"15":0,"16":0,"17":0,"18":0,"19":0,"20":0,"21":0,"22":0,"23":0,"24":0,"25":0,"26":0,"27":0,"28":0,"29":0,"30":0,"31":0,"32":0,"33":0,"34":0,"35":0,"36":0,"37":0,"38":0,"39":0,"40":0,"41":0,"42":0,"43":0,"44":0,"45":0,"46":0,"47":1},"f":{"0":0,"1":0,"2":0},"b":{"0":[0,0],"1":[0,0]},"_coverageSchema":"1a1c01bbd47fc00a2c39e90264f33305004495a9","hash":"6675c032c8d23241b6c7a04ca7bf0999198f9cdf"}
}
