TN:
SF:todolist_script.js
FN:19,(anonymous_0)
FN:30,handleDragStart
FN:36,handleDragEnd
FN:42,handleDragPassby
FN:55,handleDragover
FN:58,handleDrop
FN:72,(anonymous_6)
FN:76,populateList
FN:77,(anonymous_8)
FN:144,(anonymous_9)
FN:146,(anonymous_10)
FN:147,(anonymous_11)
FN:148,(anonymous_12)
FN:149,(anonymous_13)
FN:159,(anonymous_14)
FN:159,(anonymous_15)
FN:162,select
FN:163,(anonymous_17)
FN:183,newTask
FN:186,(anonymous_19)
FN:192,addTask
FN:226,resetForm
FN:239,fileNameUpdate
FN:245,withDraw
FN:247,(anonymous_24)
FN:248,(anonymous_25)
FN:251,toggleStatus
FN:267,(anonymous_27)
FN:267,(anonymous_28)
FN:270,toggleShow
FN:305,editTask
FN:342,deleteTask
FN:344,(anonymous_32)
FN:348,(anonymous_33)
FNF:34
FNH:14
FNDA:4,(anonymous_0)
FNDA:0,handleDragStart
FNDA:0,handleDragEnd
FNDA:0,handleDragPassby
FNDA:0,handleDragover
FNDA:0,handleDrop
FNDA:0,(anonymous_6)
FNDA:2,populateList
FNDA:1,(anonymous_8)
FNDA:1,(anonymous_9)
FNDA:1,(anonymous_10)
FNDA:1,(anonymous_11)
FNDA:1,(anonymous_12)
FNDA:1,(anonymous_13)
FNDA:1,(anonymous_14)
FNDA:1,(anonymous_15)
FNDA:0,select
FNDA:0,(anonymous_17)
FNDA:1,newTask
FNDA:0,(anonymous_19)
FNDA:1,addTask
FNDA:1,resetForm
FNDA:0,fileNameUpdate
FNDA:1,withDraw
FNDA:0,(anonymous_24)
FNDA:0,(anonymous_25)
FNDA:0,toggleStatus
FNDA:0,(anonymous_27)
FNDA:0,(anonymous_28)
FNDA:0,toggleShow
FNDA:0,editTask
FNDA:0,deleteTask
FNDA:0,(anonymous_32)
FNDA:0,(anonymous_33)
DA:1,1
DA:3,1
DA:4,1
DA:5,1
DA:6,1
DA:7,1
DA:9,1
DA:11,1
DA:13,1
DA:14,1
DA:15,1
DA:18,1
DA:19,1
DA:20,4
DA:22,4
DA:31,0
DA:32,0
DA:33,0
DA:34,0
DA:37,0
DA:38,0
DA:39,0
DA:40,0
DA:43,0
DA:44,0
DA:45,0
DA:47,0
DA:48,0
DA:50,0
DA:51,0
DA:56,0
DA:59,0
DA:60,0
DA:61,0
DA:63,0
DA:64,0
DA:65,0
DA:67,0
DA:68,0
DA:71,0
DA:72,0
DA:73,0
DA:77,2
DA:78,1
DA:141,1
DA:143,2
DA:144,2
DA:146,2
DA:147,2
DA:148,2
DA:149,2
DA:150,2
DA:151,2
DA:152,2
DA:153,2
DA:155,2
DA:156,2
DA:157,2
DA:158,2
DA:159,2
DA:163,0
DA:164,0
DA:166,0
DA:167,0
DA:168,0
DA:169,0
DA:171,0
DA:172,0
DA:173,0
DA:174,0
DA:176,0
DA:177,0
DA:178,0
DA:179,0
DA:184,1
DA:185,1
DA:186,1
DA:187,1
DA:188,1
DA:189,1
DA:193,1
DA:194,1
DA:195,1
DA:196,1
DA:197,1
DA:198,1
DA:199,1
DA:201,1
DA:202,0
DA:203,0
DA:204,0
DA:207,1
DA:217,1
DA:218,1
DA:219,1
DA:220,1
DA:221,1
DA:222,1
DA:223,1
DA:227,1
DA:228,1
DA:229,1
DA:230,1
DA:231,1
DA:232,1
DA:233,1
DA:234,1
DA:235,1
DA:236,1
DA:240,0
DA:241,0
DA:242,0
DA:246,1
DA:247,1
DA:248,1
DA:252,0
DA:253,0
DA:254,0
DA:255,0
DA:256,0
DA:257,0
DA:258,0
DA:259,0
DA:260,0
DA:261,0
DA:262,0
DA:265,0
DA:266,0
DA:267,0
DA:271,0
DA:272,0
DA:273,0
DA:274,0
DA:275,0
DA:276,0
DA:277,0
DA:278,0
DA:280,0
DA:281,0
DA:282,0
DA:283,0
DA:284,0
DA:285,0
DA:286,0
DA:287,0
DA:288,0
DA:289,0
DA:290,0
DA:292,0
DA:293,0
DA:294,0
DA:295,0
DA:296,0
DA:297,0
DA:298,0
DA:299,0
DA:300,0
DA:301,0
DA:306,0
DA:307,0
DA:308,0
DA:309,0
DA:310,0
DA:312,0
DA:313,0
DA:314,0
DA:315,0
DA:316,0
DA:319,0
DA:320,0
DA:321,0
DA:322,0
DA:323,0
DA:324,0
DA:326,0
DA:327,0
DA:328,0
DA:329,0
DA:332,0
DA:333,0
DA:334,0
DA:335,0
DA:336,0
DA:337,0
DA:338,0
DA:343,0
DA:344,0
DA:345,0
DA:346,0
DA:347,0
DA:348,0
DA:349,0
DA:350,0
DA:352,0
DA:355,0
DA:356,0
DA:357,0
DA:360,1
DA:362,1
DA:363,1
DA:364,1
DA:366,1
DA:367,1
LF:203
LH:74
BRDA:13,0,0,1
BRDA:13,0,1,1
BRDA:15,1,0,1
BRDA:15,1,1,1
BRDA:43,2,0,0
BRDA:43,2,1,0
BRDA:43,3,0,0
BRDA:43,3,1,0
BRDA:45,4,0,0
BRDA:45,4,1,0
BRDA:47,5,0,0
BRDA:47,5,1,0
BRDA:47,6,0,0
BRDA:47,6,1,0
BRDA:61,7,0,0
BRDA:61,7,1,0
BRDA:64,8,0,0
BRDA:64,8,1,0
BRDA:67,9,0,0
BRDA:67,9,1,0
BRDA:76,10,0,0
BRDA:78,11,0,0
BRDA:78,11,1,1
BRDA:78,12,0,0
BRDA:78,12,1,1
BRDA:83,13,0,0
BRDA:83,13,1,1
BRDA:84,14,0,0
BRDA:84,14,1,1
BRDA:88,15,0,0
BRDA:88,15,1,1
BRDA:89,16,0,0
BRDA:89,16,1,1
BRDA:90,17,0,0
BRDA:90,17,1,1
BRDA:99,18,0,1
BRDA:99,18,1,0
BRDA:102,19,0,0
BRDA:102,19,1,1
BRDA:103,20,0,0
BRDA:103,20,1,1
BRDA:123,21,0,1
BRDA:123,21,1,1
BRDA:143,22,0,2
BRDA:143,22,1,0
BRDA:146,23,0,1
BRDA:146,23,1,0
BRDA:159,24,0,0
BRDA:159,24,1,2
BRDA:164,25,0,0
BRDA:164,25,1,0
BRDA:164,25,2,0
BRDA:201,26,0,0
BRDA:201,26,1,1
BRDA:261,27,0,0
BRDA:261,27,1,0
BRDA:267,28,0,0
BRDA:267,28,1,0
BRDA:280,29,0,0
BRDA:280,29,1,0
BRDA:312,30,0,0
BRDA:312,30,1,0
BRDA:319,31,0,0
BRDA:319,31,1,0
BRDA:326,32,0,0
BRDA:326,32,1,0
BRDA:349,33,0,0
BRDA:349,33,1,0
BRF:68
BRH:20
end_of_record
