TN:
SF:todolist_script.js
FN:19,(anonymous_0)
FN:29,handleDragStart
FN:35,handleDragEnd
FN:41,handleDragPassby
FN:53,handleDragover
FN:56,handleDrop
FN:70,(anonymous_6)
FN:74,populateList
FN:75,(anonymous_8)
FN:142,(anonymous_9)
FN:144,(anonymous_10)
FN:145,(anonymous_11)
FN:146,(anonymous_12)
FN:147,(anonymous_13)
FN:157,(anonymous_14)
FN:157,(anonymous_15)
FN:160,select
FN:161,(anonymous_17)
FN:181,newTask
FN:184,(anonymous_19)
FN:190,addTask
FN:224,resetForm
FN:237,fileNameUpdate
FN:243,withDraw
FN:245,(anonymous_24)
FN:246,(anonymous_25)
FN:249,toggleStatus
FN:265,(anonymous_27)
FN:265,(anonymous_28)
FN:268,toggleShow
FN:303,editTask
FN:340,deleteTask
FN:342,(anonymous_32)
FN:346,(anonymous_33)
FNF:34
FNH:14
FNDA:4,(anonymous_0)
FNDA:0,handleDragStart
FNDA:0,handleDragEnd
FNDA:0,handleDragPassby
FNDA:0,handleDragover
FNDA:0,handleDrop
FNDA:0,(anonymous_6)
FNDA:2,populateList
FNDA:1,(anonymous_8)
FNDA:1,(anonymous_9)
FNDA:1,(anonymous_10)
FNDA:1,(anonymous_11)
FNDA:1,(anonymous_12)
FNDA:1,(anonymous_13)
FNDA:1,(anonymous_14)
FNDA:1,(anonymous_15)
FNDA:0,select
FNDA:0,(anonymous_17)
FNDA:1,newTask
FNDA:0,(anonymous_19)
FNDA:1,addTask
FNDA:1,resetForm
FNDA:0,fileNameUpdate
FNDA:1,withDraw
FNDA:0,(anonymous_24)
FNDA:0,(anonymous_25)
FNDA:0,toggleStatus
FNDA:0,(anonymous_27)
FNDA:0,(anonymous_28)
FNDA:0,toggleShow
FNDA:0,editTask
FNDA:0,deleteTask
FNDA:0,(anonymous_32)
FNDA:0,(anonymous_33)
DA:1,1
DA:3,1
DA:4,1
DA:5,1
DA:6,1
DA:7,1
DA:9,1
DA:11,1
DA:13,1
DA:14,1
DA:15,1
DA:18,1
DA:19,1
DA:20,4
DA:21,4
DA:30,0
DA:31,0
DA:32,0
DA:33,0
DA:36,0
DA:37,0
DA:38,0
DA:39,0
DA:42,0
DA:43,0
DA:44,0
DA:46,0
DA:47,0
DA:49,0
DA:50,0
DA:54,0
DA:57,0
DA:58,0
DA:59,0
DA:61,0
DA:62,0
DA:63,0
DA:65,0
DA:66,0
DA:69,0
DA:70,0
DA:71,0
DA:75,2
DA:76,1
DA:139,1
DA:141,2
DA:142,2
DA:144,2
DA:145,2
DA:146,2
DA:147,2
DA:148,2
DA:149,2
DA:150,2
DA:151,2
DA:153,2
DA:154,2
DA:155,2
DA:156,2
DA:157,2
DA:161,0
DA:162,0
DA:164,0
DA:165,0
DA:166,0
DA:167,0
DA:169,0
DA:170,0
DA:171,0
DA:172,0
DA:174,0
DA:175,0
DA:176,0
DA:177,0
DA:182,1
DA:183,1
DA:184,1
DA:185,1
DA:186,1
DA:187,1
DA:191,1
DA:192,1
DA:193,1
DA:194,1
DA:195,1
DA:196,1
DA:197,1
DA:199,1
DA:200,0
DA:201,0
DA:202,0
DA:205,1
DA:215,1
DA:216,1
DA:217,1
DA:218,1
DA:219,1
DA:220,1
DA:221,1
DA:225,1
DA:226,1
DA:227,1
DA:228,1
DA:229,1
DA:230,1
DA:231,1
DA:232,1
DA:233,1
DA:234,1
DA:238,0
DA:239,0
DA:240,0
DA:244,1
DA:245,1
DA:246,1
DA:250,0
DA:251,0
DA:252,0
DA:253,0
DA:254,0
DA:255,0
DA:256,0
DA:257,0
DA:258,0
DA:259,0
DA:260,0
DA:263,0
DA:264,0
DA:265,0
DA:269,0
DA:270,0
DA:271,0
DA:272,0
DA:273,0
DA:274,0
DA:275,0
DA:276,0
DA:278,0
DA:279,0
DA:280,0
DA:281,0
DA:282,0
DA:283,0
DA:284,0
DA:285,0
DA:286,0
DA:287,0
DA:288,0
DA:290,0
DA:291,0
DA:292,0
DA:293,0
DA:294,0
DA:295,0
DA:296,0
DA:297,0
DA:298,0
DA:299,0
DA:304,0
DA:305,0
DA:306,0
DA:307,0
DA:308,0
DA:310,0
DA:311,0
DA:312,0
DA:313,0
DA:314,0
DA:317,0
DA:318,0
DA:319,0
DA:320,0
DA:321,0
DA:322,0
DA:324,0
DA:325,0
DA:326,0
DA:327,0
DA:330,0
DA:331,0
DA:332,0
DA:333,0
DA:334,0
DA:335,0
DA:336,0
DA:341,0
DA:342,0
DA:343,0
DA:344,0
DA:345,0
DA:346,0
DA:347,0
DA:348,0
DA:350,0
DA:353,0
DA:354,0
DA:355,0
DA:358,1
DA:360,1
DA:361,1
DA:362,1
DA:364,1
DA:365,1
LF:203
LH:74
BRDA:13,0,0,1
BRDA:13,0,1,1
BRDA:15,1,0,1
BRDA:15,1,1,1
BRDA:42,2,0,0
BRDA:42,2,1,0
BRDA:42,3,0,0
BRDA:42,3,1,0
BRDA:44,4,0,0
BRDA:44,4,1,0
BRDA:46,5,0,0
BRDA:46,5,1,0
BRDA:46,6,0,0
BRDA:46,6,1,0
BRDA:59,7,0,0
BRDA:59,7,1,0
BRDA:62,8,0,0
BRDA:62,8,1,0
BRDA:65,9,0,0
BRDA:65,9,1,0
BRDA:74,10,0,0
BRDA:76,11,0,0
BRDA:76,11,1,1
BRDA:76,12,0,0
BRDA:76,12,1,1
BRDA:81,13,0,0
BRDA:81,13,1,1
BRDA:82,14,0,0
BRDA:82,14,1,1
BRDA:86,15,0,0
BRDA:86,15,1,1
BRDA:87,16,0,0
BRDA:87,16,1,1
BRDA:88,17,0,0
BRDA:88,17,1,1
BRDA:97,18,0,1
BRDA:97,18,1,0
BRDA:100,19,0,0
BRDA:100,19,1,1
BRDA:101,20,0,0
BRDA:101,20,1,1
BRDA:121,21,0,1
BRDA:121,21,1,1
BRDA:141,22,0,2
BRDA:141,22,1,0
BRDA:144,23,0,1
BRDA:144,23,1,0
BRDA:157,24,0,0
BRDA:157,24,1,2
BRDA:162,25,0,0
BRDA:162,25,1,0
BRDA:162,25,2,0
BRDA:199,26,0,0
BRDA:199,26,1,1
BRDA:259,27,0,0
BRDA:259,27,1,0
BRDA:265,28,0,0
BRDA:265,28,1,0
BRDA:278,29,0,0
BRDA:278,29,1,0
BRDA:310,30,0,0
BRDA:310,30,1,0
BRDA:317,31,0,0
BRDA:317,31,1,0
BRDA:324,32,0,0
BRDA:324,32,1,0
BRDA:347,33,0,0
BRDA:347,33,1,0
BRF:68
BRH:20
end_of_record
